{"status": "failed", "name": "Fail when adding new label predicate on a node that is already bound 4", "labels": [{"name": "severity", "value": "normal"}, {"name": "tag", "value": "skip"}, {"name": "feature", "value": "LabelsAcceptance"}, {"name": "framework", "value": "behave"}, {"name": "language", "value": "cpython2"}], "stop": 1578486033488, "historyId": "4bf5ba521c308d90a0eef05b88707363", "start": 1578486033376, "steps": [{"status": "passed", "start": 1578486033376, "stop": 1578486033484, "name": "Given an empty graph"}, {"status": "passed", "start": 1578486033484, "stop": 1578486033487, "name": "When executing query", "attachments": [{"source": "8a61ca5b-dd88-45c2-9bc9-4b012a325961-attachment.txt", "type": "text/plain", "name": ".text"}]}, {"status": "failed", "start": 1578486033487, "stop": 1578486033487, "name": "Then a SyntaxError should be raised at compile time: VariableAlreadyBound", "statusDetails": {"message": "AssertionError\n", "trace": "  File \"/home/laptop-linux/.local/lib/python2.7/site-packages/behave/model.py\", line 1329, in run\n    match.run(runner.context)\n  File \"/home/laptop-linux/.local/lib/python2.7/site-packages/behave/matchers.py\", line 98, in run\n    self.func(context, *args, **kwargs)\n  File \"features/steps/Steps.py\", line 122, in step_impl\n    assert exception != None\n"}}], "statusDetails": {"message": "AssertionError\n", "trace": "  File \"/home/laptop-linux/.local/lib/python2.7/site-packages/behave/model.py\", line 1329, in run\n    match.run(runner.context)\n  File \"/home/laptop-linux/.local/lib/python2.7/site-packages/behave/matchers.py\", line 98, in run\n    self.func(context, *args, **kwargs)\n  File \"features/steps/Steps.py\", line 122, in step_impl\n    assert exception != None\n"}, "uuid": "9c97ee3b-2fe9-4c5a-a604-23270ddfca84"}