{"status": "failed", "name": "Setting a relationship property to null removes the existing property", "labels": [{"name": "severity", "value": "normal"}, {"name": "tag", "value": "skip"}, {"name": "feature", "value": "SetAcceptance"}, {"name": "framework", "value": "behave"}, {"name": "language", "value": "cpython2"}], "stop": 1578486144511, "historyId": "5068642ecd240f3377da595e1df060eb", "start": 1578486144287, "steps": [{"status": "passed", "start": 1578486144289, "stop": 1578486144497, "name": "Given an empty graph"}, {"status": "passed", "start": 1578486144498, "stop": 1578486144501, "name": "And having executed", "attachments": [{"source": "d5906ad8-a8fb-4d26-b9ec-2039ceecbe30-attachment.txt", "type": "text/plain", "name": ".text"}]}, {"status": "passed", "start": 1578486144501, "stop": 1578486144507, "name": "When executing query", "attachments": [{"source": "d3342d14-78ff-47f9-93f5-47455997014f-attachment.txt", "type": "text/plain", "name": ".text"}]}, {"status": "passed", "start": 1578486144507, "stop": 1578486144508, "name": "Then the result should be", "attachments": [{"source": "e9746553-132c-48dc-907d-ecf2b756fcc2-attachment.csv", "type": "text/csv", "name": ".table"}]}, {"status": "failed", "attachments": [{"source": "452eefaf-c491-4534-9f3a-ea1b83765b91-attachment.csv", "type": "text/csv", "name": ".table"}], "stop": 1578486144510, "start": 1578486144509, "statusDetails": {"message": "AssertionError\n", "trace": "  File \"/home/laptop-linux/.local/lib/python2.7/site-packages/behave/model.py\", line 1329, in run\n    match.run(runner.context)\n  File \"/home/laptop-linux/.local/lib/python2.7/site-packages/behave/matchers.py\", line 98, in run\n    self.func(context, *args, **kwargs)\n  File \"features/steps/Steps.py\", line 70, in step_impl\n    assertions.assert_statistics(resultset, stat, value)\n  File \"/home/laptop-linux/dev/redis/graph/tests/tck/features/steps/../../utils/assertions.py\", line 183, in assert_statistics\n    assert(False)\n"}, "name": "And the side effects should be"}], "statusDetails": {"message": "AssertionError\n", "trace": "  File \"/home/laptop-linux/.local/lib/python2.7/site-packages/behave/model.py\", line 1329, in run\n    match.run(runner.context)\n  File \"/home/laptop-linux/.local/lib/python2.7/site-packages/behave/matchers.py\", line 98, in run\n    self.func(context, *args, **kwargs)\n  File \"features/steps/Steps.py\", line 70, in step_impl\n    assertions.assert_statistics(resultset, stat, value)\n  File \"/home/laptop-linux/dev/redis/graph/tests/tck/features/steps/../../utils/assertions.py\", line 183, in assert_statistics\n    assert(False)\n"}, "uuid": "573ebeef-c42a-44db-8873-349c137ef4ac"}