{"status": "failed", "name": "`toBoolean()` on invalid types -- @1.4 ", "parameters": [{"name": "invalid", "value": "1.0"}], "labels": [{"name": "severity", "value": "normal"}, {"name": "tag", "value": "skip"}, {"name": "feature", "value": "TypeConversionFunctions"}, {"name": "framework", "value": "behave"}, {"name": "language", "value": "cpython2"}], "stop": 1578486165092, "historyId": "48125b7d984b93f309102f11be4f7982", "start": 1578486164977, "steps": [{"status": "passed", "start": 1578486164978, "stop": 1578486165089, "name": "Given any graph"}, {"status": "passed", "start": 1578486165089, "stop": 1578486165091, "name": "When executing query", "attachments": [{"source": "675f1c07-586f-402c-bc80-1c909eead19f-attachment.txt", "type": "text/plain", "name": ".text"}]}, {"status": "failed", "start": 1578486165091, "stop": 1578486165092, "name": "Then a TypeError should be raised at runtime: InvalidArgumentValue", "statusDetails": {"message": "AssertionError\n", "trace": "  File \"/home/laptop-linux/.local/lib/python2.7/site-packages/behave/model.py\", line 1329, in run\n    match.run(runner.context)\n  File \"/home/laptop-linux/.local/lib/python2.7/site-packages/behave/matchers.py\", line 98, in run\n    self.func(context, *args, **kwargs)\n  File \"features/steps/Steps.py\", line 142, in step_impl\n    assert \"Type mismatch\" in exception.message\n"}}], "statusDetails": {"message": "AssertionError\n", "trace": "  File \"/home/laptop-linux/.local/lib/python2.7/site-packages/behave/model.py\", line 1329, in run\n    match.run(runner.context)\n  File \"/home/laptop-linux/.local/lib/python2.7/site-packages/behave/matchers.py\", line 98, in run\n    self.func(context, *args, **kwargs)\n  File \"features/steps/Steps.py\", line 142, in step_impl\n    assert \"Type mismatch\" in exception.message\n"}, "uuid": "8e1e810e-ddf1-4b40-b9f1-a1b1b90820cc"}