{"status": "failed", "name": "Longer path query should return results in written order", "labels": [{"name": "severity", "value": "normal"}, {"name": "tag", "value": "skip"}, {"name": "feature", "value": "MatchAcceptance"}, {"name": "framework", "value": "behave"}, {"name": "language", "value": "cpython2"}], "stop": 1578486054559, "historyId": "154a3f5f08885880f10cdf4559e5dc54", "start": 1578486054333, "steps": [{"status": "passed", "start": 1578486054333, "stop": 1578486054541, "name": "Given an empty graph"}, {"status": "passed", "start": 1578486054542, "stop": 1578486054546, "name": "And having executed", "attachments": [{"source": "54ec72f1-3a74-4199-bae0-b25b1a5e53fa-attachment.txt", "type": "text/plain", "name": ".text"}]}, {"status": "passed", "start": 1578486054546, "stop": 1578486054555, "name": "When executing query", "attachments": [{"source": "bdd0a609-9749-4c4b-9884-ea709dc4a383-attachment.txt", "type": "text/plain", "name": ".text"}]}, {"status": "failed", "attachments": [{"source": "add6c122-a4fd-4a0e-8d84-07e8dec27717-attachment.csv", "type": "text/csv", "name": ".table"}], "stop": 1578486054558, "start": 1578486054556, "statusDetails": {"message": "AssertionError\n", "trace": "  File \"/home/laptop-linux/.local/lib/python2.7/site-packages/behave/model.py\", line 1329, in run\n    match.run(runner.context)\n  File \"/home/laptop-linux/.local/lib/python2.7/site-packages/behave/matchers.py\", line 98, in run\n    self.func(context, *args, **kwargs)\n  File \"features/steps/Steps.py\", line 86, in step_impl\n    assertions.assert_resultset_length(resultset, expected_length)\n  File \"/home/laptop-linux/dev/redis/graph/tests/tck/features/steps/../../utils/assertions.py\", line 195, in assert_resultset_length\n    assert(len(resultset.result_set) == length)\n"}, "name": "Then the result should be"}, {"status": "skipped", "start": 1578486054559, "stop": 1578486054559, "name": "And no side effects"}], "statusDetails": {"message": "AssertionError\n", "trace": "  File \"/home/laptop-linux/.local/lib/python2.7/site-packages/behave/model.py\", line 1329, in run\n    match.run(runner.context)\n  File \"/home/laptop-linux/.local/lib/python2.7/site-packages/behave/matchers.py\", line 98, in run\n    self.func(context, *args, **kwargs)\n  File \"features/steps/Steps.py\", line 86, in step_impl\n    assertions.assert_resultset_length(resultset, expected_length)\n  File \"/home/laptop-linux/dev/redis/graph/tests/tck/features/steps/../../utils/assertions.py\", line 195, in assert_resultset_length\n    assert(len(resultset.result_set) == length)\n"}, "uuid": "07a03d68-ae5d-4b61-8ee8-d9b5cd64c676"}