{"status": "failed", "name": "Matching and disregarding output, then matching again", "labels": [{"name": "severity", "value": "normal"}, {"name": "tag", "value": "skip"}, {"name": "feature", "value": "ReturnAcceptance2"}, {"name": "framework", "value": "behave"}, {"name": "language", "value": "cpython2"}], "stop": 1578486131758, "historyId": "09d8c23d07f0af62b3bc92f33e654b34", "start": 1578486131534, "steps": [{"status": "passed", "start": 1578486131536, "stop": 1578486131746, "name": "Given an empty graph"}, {"status": "passed", "start": 1578486131747, "stop": 1578486131751, "name": "And having executed", "attachments": [{"source": "67479836-4e6f-4627-acee-ecaf4ebafc6b-attachment.txt", "type": "text/plain", "name": ".text"}]}, {"status": "passed", "start": 1578486131751, "stop": 1578486131755, "name": "When executing query", "attachments": [{"source": "62d13343-16aa-49c8-b4b3-b2085fa5a302-attachment.txt", "type": "text/plain", "name": ".text"}]}, {"status": "failed", "attachments": [{"source": "871aff22-ba9f-4f75-9238-75847550017c-attachment.csv", "type": "text/csv", "name": ".table"}], "stop": 1578486131758, "start": 1578486131756, "statusDetails": {"message": "AssertionError\n", "trace": "  File \"/home/laptop-linux/.local/lib/python2.7/site-packages/behave/model.py\", line 1329, in run\n    match.run(runner.context)\n  File \"/home/laptop-linux/.local/lib/python2.7/site-packages/behave/matchers.py\", line 98, in run\n    self.func(context, *args, **kwargs)\n  File \"features/steps/Steps.py\", line 87, in step_impl\n    assertions.assert_resultsets_equals(resultset, context.table)\n  File \"/home/laptop-linux/dev/redis/graph/tests/tck/features/steps/../../utils/assertions.py\", line 218, in assert_resultsets_equals\n    assert actualCtr == expectedCtr\n"}, "name": "Then the result should be"}, {"status": "skipped", "start": 1578486131758, "stop": 1578486131758, "name": "And no side effects"}], "statusDetails": {"message": "AssertionError\n", "trace": "  File \"/home/laptop-linux/.local/lib/python2.7/site-packages/behave/model.py\", line 1329, in run\n    match.run(runner.context)\n  File \"/home/laptop-linux/.local/lib/python2.7/site-packages/behave/matchers.py\", line 98, in run\n    self.func(context, *args, **kwargs)\n  File \"features/steps/Steps.py\", line 87, in step_impl\n    assertions.assert_resultsets_equals(resultset, context.table)\n  File \"/home/laptop-linux/dev/redis/graph/tests/tck/features/steps/../../utils/assertions.py\", line 218, in assert_resultsets_equals\n    assert actualCtr == expectedCtr\n"}, "uuid": "73316050-504b-4863-a4b4-d71a705d633e"}