{"status": "failed", "name": "Failing on aggregation in ORDER BY after RETURN", "labels": [{"name": "severity", "value": "normal"}, {"name": "tag", "value": "skip"}, {"name": "feature", "value": "MiscellaneousErrorAcceptance"}, {"name": "framework", "value": "behave"}, {"name": "language", "value": "cpython2"}], "stop": 1578486098427, "historyId": "7264d7f8df577892f497d7044286b25e", "start": 1578486098212, "steps": [{"status": "passed", "start": 1578486098214, "stop": 1578486098421, "name": "Given any graph"}, {"status": "passed", "start": 1578486098422, "stop": 1578486098425, "name": "When executing query", "attachments": [{"source": "9b3b3e08-d609-40d8-ac16-ff8f91ce1147-attachment.txt", "type": "text/plain", "name": ".text"}]}, {"status": "failed", "start": 1578486098426, "stop": 1578486098427, "name": "Then a SyntaxError should be raised at compile time: InvalidAggregation", "statusDetails": {"message": "AssertionError\n", "trace": "  File \"/home/laptop-linux/.local/lib/python2.7/site-packages/behave/model.py\", line 1329, in run\n    match.run(runner.context)\n  File \"/home/laptop-linux/.local/lib/python2.7/site-packages/behave/matchers.py\", line 98, in run\n    self.func(context, *args, **kwargs)\n  File \"features/steps/Steps.py\", line 111, in step_impl\n    assert exception != None\n"}}], "statusDetails": {"message": "AssertionError\n", "trace": "  File \"/home/laptop-linux/.local/lib/python2.7/site-packages/behave/model.py\", line 1329, in run\n    match.run(runner.context)\n  File \"/home/laptop-linux/.local/lib/python2.7/site-packages/behave/matchers.py\", line 98, in run\n    self.func(context, *args, **kwargs)\n  File \"features/steps/Steps.py\", line 111, in step_impl\n    assert exception != None\n"}, "uuid": "3677ca2d-3f64-4374-aa0f-da9eca1652be"}