{"status": "failed", "name": "Delete relationships", "labels": [{"name": "severity", "value": "normal"}, {"name": "tag", "value": "skip"}, {"name": "feature", "value": "DeleteAcceptance"}, {"name": "framework", "value": "behave"}, {"name": "language", "value": "cpython2"}], "stop": 1578486010047, "historyId": "503eea44c70139e6510a048483d6f1b9", "start": 1578486009830, "steps": [{"status": "passed", "start": 1578486009832, "stop": 1578486010036, "name": "Given an empty graph"}, {"status": "passed", "start": 1578486010037, "stop": 1578486010040, "name": "And having executed", "attachments": [{"source": "75d891ca-8454-45cf-8794-6f08a32628ee-attachment.txt", "type": "text/plain", "name": ".text"}]}, {"status": "passed", "start": 1578486010041, "stop": 1578486010044, "name": "When executing query", "attachments": [{"source": "47fee3b1-6701-4d45-a360-364f2250f8f8-attachment.txt", "type": "text/plain", "name": ".text"}]}, {"status": "passed", "start": 1578486010044, "stop": 1578486010045, "name": "Then the result should be empty"}, {"status": "failed", "attachments": [{"source": "46fa0a6e-3af8-4411-b0ad-5ef42a08bf3a-attachment.csv", "type": "text/csv", "name": ".table"}], "stop": 1578486010047, "start": 1578486010045, "statusDetails": {"message": "AssertionError\n", "trace": "  File \"/home/laptop-linux/.local/lib/python2.7/site-packages/behave/model.py\", line 1329, in run\n    match.run(runner.context)\n  File \"/home/laptop-linux/.local/lib/python2.7/site-packages/behave/matchers.py\", line 98, in run\n    self.func(context, *args, **kwargs)\n  File \"features/steps/Steps.py\", line 70, in step_impl\n    assertions.assert_statistics(resultset, stat, value)\n  File \"/home/laptop-linux/dev/redis/graph/tests/tck/features/steps/../../utils/assertions.py\", line 183, in assert_statistics\n    assert(False)\n"}, "name": "And the side effects should be"}], "statusDetails": {"message": "AssertionError\n", "trace": "  File \"/home/laptop-linux/.local/lib/python2.7/site-packages/behave/model.py\", line 1329, in run\n    match.run(runner.context)\n  File \"/home/laptop-linux/.local/lib/python2.7/site-packages/behave/matchers.py\", line 98, in run\n    self.func(context, *args, **kwargs)\n  File \"features/steps/Steps.py\", line 70, in step_impl\n    assertions.assert_statistics(resultset, stat, value)\n  File \"/home/laptop-linux/dev/redis/graph/tests/tck/features/steps/../../utils/assertions.py\", line 183, in assert_statistics\n    assert(False)\n"}, "uuid": "efb9daba-dda4-4db5-952b-1d2c72ef5fa5"}