{"status": "failed", "name": "Setting a property to null removes the property", "labels": [{"name": "severity", "value": "normal"}, {"name": "tag", "value": "skip"}, {"name": "feature", "value": "SetAcceptance"}, {"name": "framework", "value": "behave"}, {"name": "language", "value": "cpython2"}], "stop": 1578486145635, "historyId": "870114775ce4fdecb63c1d872b41b92b", "start": 1578486145409, "steps": [{"status": "passed", "start": 1578486145411, "stop": 1578486145621, "name": "Given an empty graph"}, {"status": "passed", "start": 1578486145621, "stop": 1578486145624, "name": "And having executed", "attachments": [{"source": "8a87dd72-d5fd-4b79-be6a-f6c793531e0c-attachment.txt", "type": "text/plain", "name": ".text"}]}, {"status": "passed", "start": 1578486145625, "stop": 1578486145631, "name": "When executing query", "attachments": [{"source": "11b4d8b7-5673-4cdd-8dc6-c99db311fd7b-attachment.txt", "type": "text/plain", "name": ".text"}]}, {"status": "passed", "start": 1578486145631, "stop": 1578486145632, "name": "Then the result should be", "attachments": [{"source": "cc224bc0-d312-4fd3-a504-6201116751db-attachment.csv", "type": "text/csv", "name": ".table"}]}, {"status": "failed", "attachments": [{"source": "074cf1cd-3f68-4c71-ab18-1346755b5c34-attachment.csv", "type": "text/csv", "name": ".table"}], "stop": 1578486145634, "start": 1578486145633, "statusDetails": {"message": "AssertionError\n", "trace": "  File \"/home/laptop-linux/.local/lib/python2.7/site-packages/behave/model.py\", line 1329, in run\n    match.run(runner.context)\n  File \"/home/laptop-linux/.local/lib/python2.7/site-packages/behave/matchers.py\", line 98, in run\n    self.func(context, *args, **kwargs)\n  File \"features/steps/Steps.py\", line 70, in step_impl\n    assertions.assert_statistics(resultset, stat, value)\n  File \"/home/laptop-linux/dev/redis/graph/tests/tck/features/steps/../../utils/assertions.py\", line 183, in assert_statistics\n    assert(False)\n"}, "name": "And the side effects should be"}], "statusDetails": {"message": "AssertionError\n", "trace": "  File \"/home/laptop-linux/.local/lib/python2.7/site-packages/behave/model.py\", line 1329, in run\n    match.run(runner.context)\n  File \"/home/laptop-linux/.local/lib/python2.7/site-packages/behave/matchers.py\", line 98, in run\n    self.func(context, *args, **kwargs)\n  File \"features/steps/Steps.py\", line 70, in step_impl\n    assertions.assert_statistics(resultset, stat, value)\n  File \"/home/laptop-linux/dev/redis/graph/tests/tck/features/steps/../../utils/assertions.py\", line 183, in assert_statistics\n    assert(False)\n"}, "uuid": "c5422bdc-cb11-4e81-b191-af3ba786c866"}