{"status": "failed", "name": "Keeping used expression 3", "labels": [{"name": "severity", "value": "normal"}, {"name": "tag", "value": "skip"}, {"name": "feature", "value": "ColumnNameAcceptance"}, {"name": "framework", "value": "behave"}, {"name": "language", "value": "cpython2"}], "stop": 1578485997558, "historyId": "c8506f8fd976f35d30375588120f2a4c", "start": 1578485997333, "steps": [{"status": "passed", "start": 1578485997335, "stop": 1578485997548, "name": "Given an empty graph"}, {"status": "passed", "start": 1578485997549, "stop": 1578485997551, "name": "And having executed", "attachments": [{"source": "17a8eecc-135f-46f7-bad5-6b2f19baf93b-attachment.txt", "type": "text/plain", "name": ".text"}]}, {"status": "passed", "start": 1578485997552, "stop": 1578485997555, "name": "When executing query", "attachments": [{"source": "a53d6444-f29a-4b23-89af-f56dd7d2a2be-attachment.txt", "type": "text/plain", "name": ".text"}]}, {"status": "failed", "attachments": [{"source": "e7998ed3-5580-42d3-8875-ba207565806b-attachment.csv", "type": "text/csv", "name": ".table"}], "stop": 1578485997557, "start": 1578485997555, "statusDetails": {"message": "AssertionError\n", "trace": "  File \"/home/laptop-linux/.local/lib/python2.7/site-packages/behave/model.py\", line 1329, in run\n    match.run(runner.context)\n  File \"/home/laptop-linux/.local/lib/python2.7/site-packages/behave/matchers.py\", line 98, in run\n    self.func(context, *args, **kwargs)\n  File \"features/steps/Steps.py\", line 86, in step_impl\n    assertions.assert_resultset_length(resultset, expected_length)\n  File \"/home/laptop-linux/dev/redis/graph/tests/tck/features/steps/../../utils/assertions.py\", line 195, in assert_resultset_length\n    assert(len(resultset.result_set) == length)\n"}, "name": "Then the result should be"}, {"status": "skipped", "start": 1578485997558, "stop": 1578485997558, "name": "And no side effects"}], "statusDetails": {"message": "AssertionError\n", "trace": "  File \"/home/laptop-linux/.local/lib/python2.7/site-packages/behave/model.py\", line 1329, in run\n    match.run(runner.context)\n  File \"/home/laptop-linux/.local/lib/python2.7/site-packages/behave/matchers.py\", line 98, in run\n    self.func(context, *args, **kwargs)\n  File \"features/steps/Steps.py\", line 86, in step_impl\n    assertions.assert_resultset_length(resultset, expected_length)\n  File \"/home/laptop-linux/dev/redis/graph/tests/tck/features/steps/../../utils/assertions.py\", line 195, in assert_resultset_length\n    assert(len(resultset.result_set) == length)\n"}, "uuid": "a4b8f94d-5e44-45f7-ba40-e84d5c2504b6"}