{"status": "failed", "name": "Named path with alternating directed/undirected relationships", "labels": [{"name": "severity", "value": "normal"}, {"name": "tag", "value": "skip"}, {"name": "feature", "value": "MatchAcceptance2"}, {"name": "framework", "value": "behave"}, {"name": "language", "value": "cpython2"}], "stop": 1578486075467, "historyId": "5ed3dc8704a475c41ef91cc9383452c5", "start": 1578486075238, "steps": [{"status": "passed", "start": 1578486075240, "stop": 1578486075456, "name": "Given an empty graph"}, {"status": "passed", "start": 1578486075457, "stop": 1578486075461, "name": "And having executed", "attachments": [{"source": "cce86af7-8621-497d-aea1-d2d21cf39869-attachment.txt", "type": "text/plain", "name": ".text"}]}, {"status": "passed", "start": 1578486075461, "stop": 1578486075466, "name": "When executing query", "attachments": [{"source": "43425fda-a561-4a90-849f-15542d60667e-attachment.txt", "type": "text/plain", "name": ".text"}]}, {"status": "failed", "attachments": [{"source": "a47cd57c-cf4b-4e86-bf1d-69358b3b0b79-attachment.csv", "type": "text/csv", "name": ".table"}], "stop": 1578486075467, "start": 1578486075466, "statusDetails": {"message": "AssertionError\n", "trace": "  File \"/home/laptop-linux/.local/lib/python2.7/site-packages/behave/model.py\", line 1329, in run\n    match.run(runner.context)\n  File \"/home/laptop-linux/.local/lib/python2.7/site-packages/behave/matchers.py\", line 98, in run\n    self.func(context, *args, **kwargs)\n  File \"features/steps/Steps.py\", line 86, in step_impl\n    assertions.assert_resultset_length(resultset, expected_length)\n  File \"/home/laptop-linux/dev/redis/graph/tests/tck/features/steps/../../utils/assertions.py\", line 195, in assert_resultset_length\n    assert(len(resultset.result_set) == length)\n"}, "name": "Then the result should be"}, {"status": "skipped", "start": 1578486075467, "stop": 1578486075467, "name": "And no side effects"}], "statusDetails": {"message": "AssertionError\n", "trace": "  File \"/home/laptop-linux/.local/lib/python2.7/site-packages/behave/model.py\", line 1329, in run\n    match.run(runner.context)\n  File \"/home/laptop-linux/.local/lib/python2.7/site-packages/behave/matchers.py\", line 98, in run\n    self.func(context, *args, **kwargs)\n  File \"features/steps/Steps.py\", line 86, in step_impl\n    assertions.assert_resultset_length(resultset, expected_length)\n  File \"/home/laptop-linux/dev/redis/graph/tests/tck/features/steps/../../utils/assertions.py\", line 195, in assert_resultset_length\n    assert(len(resultset.result_set) == length)\n"}, "uuid": "08236e1b-6d44-48e0-b6aa-fbe120ee30d8"}