{"status": "failed", "name": "Matching nodes with many labels", "labels": [{"name": "severity", "value": "normal"}, {"name": "tag", "value": "skip"}, {"name": "feature", "value": "MatchAcceptance2"}, {"name": "framework", "value": "behave"}, {"name": "language", "value": "cpython2"}], "stop": 1578486079623, "historyId": "62db8043e79768be36ba6f8da1d3922b", "start": 1578486079394, "steps": [{"status": "passed", "start": 1578486079395, "stop": 1578486079612, "name": "Given an empty graph"}, {"status": "passed", "start": 1578486079613, "stop": 1578486079616, "name": "And having executed", "attachments": [{"source": "f04c18e1-38a0-4603-a4b3-fbca93e3c9ba-attachment.txt", "type": "text/plain", "name": ".text"}]}, {"status": "passed", "start": 1578486079617, "stop": 1578486079619, "name": "When executing query", "attachments": [{"source": "23d2f2f8-445e-4d4d-94fd-f270b0282e89-attachment.txt", "type": "text/plain", "name": ".text"}]}, {"status": "failed", "attachments": [{"source": "371d45e8-eacc-42a7-844b-7287b53f65d1-attachment.csv", "type": "text/csv", "name": ".table"}], "stop": 1578486079622, "start": 1578486079620, "statusDetails": {"message": "AssertionError\n", "trace": "  File \"/home/laptop-linux/.local/lib/python2.7/site-packages/behave/model.py\", line 1329, in run\n    match.run(runner.context)\n  File \"/home/laptop-linux/.local/lib/python2.7/site-packages/behave/matchers.py\", line 98, in run\n    self.func(context, *args, **kwargs)\n  File \"features/steps/Steps.py\", line 86, in step_impl\n    assertions.assert_resultset_length(resultset, expected_length)\n  File \"/home/laptop-linux/dev/redis/graph/tests/tck/features/steps/../../utils/assertions.py\", line 195, in assert_resultset_length\n    assert(len(resultset.result_set) == length)\n"}, "name": "Then the result should be"}, {"status": "skipped", "start": 1578486079623, "stop": 1578486079623, "name": "And no side effects"}], "statusDetails": {"message": "AssertionError\n", "trace": "  File \"/home/laptop-linux/.local/lib/python2.7/site-packages/behave/model.py\", line 1329, in run\n    match.run(runner.context)\n  File \"/home/laptop-linux/.local/lib/python2.7/site-packages/behave/matchers.py\", line 98, in run\n    self.func(context, *args, **kwargs)\n  File \"features/steps/Steps.py\", line 86, in step_impl\n    assertions.assert_resultset_length(resultset, expected_length)\n  File \"/home/laptop-linux/dev/redis/graph/tests/tck/features/steps/../../utils/assertions.py\", line 195, in assert_resultset_length\n    assert(len(resultset.result_set) == length)\n"}, "uuid": "edca4de5-12d0-4e1b-abef-88aa2257731a"}