{"status": "failed", "name": "Keeping used expression 4", "labels": [{"name": "severity", "value": "normal"}, {"name": "tag", "value": "skip"}, {"name": "feature", "value": "ColumnNameAcceptance"}, {"name": "framework", "value": "behave"}, {"name": "language", "value": "cpython2"}], "stop": 1578485997774, "historyId": "6e4888ab393ead1031a228db4cc0b647", "start": 1578485997560, "steps": [{"status": "passed", "start": 1578485997563, "stop": 1578485997765, "name": "Given an empty graph"}, {"status": "passed", "start": 1578485997765, "stop": 1578485997768, "name": "And having executed", "attachments": [{"source": "cf870520-1d96-42e5-8a89-21b76a2e6660-attachment.txt", "type": "text/plain", "name": ".text"}]}, {"status": "passed", "start": 1578485997768, "stop": 1578485997771, "name": "When executing query", "attachments": [{"source": "04597605-e9d4-433c-aac0-f8ff3f7ef10b-attachment.txt", "type": "text/plain", "name": ".text"}]}, {"status": "failed", "attachments": [{"source": "b7817b9d-8912-495f-b26d-9570baba99cf-attachment.csv", "type": "text/csv", "name": ".table"}], "stop": 1578485997773, "start": 1578485997772, "statusDetails": {"message": "AssertionError\n", "trace": "  File \"/home/laptop-linux/.local/lib/python2.7/site-packages/behave/model.py\", line 1329, in run\n    match.run(runner.context)\n  File \"/home/laptop-linux/.local/lib/python2.7/site-packages/behave/matchers.py\", line 98, in run\n    self.func(context, *args, **kwargs)\n  File \"features/steps/Steps.py\", line 86, in step_impl\n    assertions.assert_resultset_length(resultset, expected_length)\n  File \"/home/laptop-linux/dev/redis/graph/tests/tck/features/steps/../../utils/assertions.py\", line 195, in assert_resultset_length\n    assert(len(resultset.result_set) == length)\n"}, "name": "Then the result should be"}, {"status": "skipped", "start": 1578485997774, "stop": 1578485997774, "name": "And no side effects"}], "statusDetails": {"message": "AssertionError\n", "trace": "  File \"/home/laptop-linux/.local/lib/python2.7/site-packages/behave/model.py\", line 1329, in run\n    match.run(runner.context)\n  File \"/home/laptop-linux/.local/lib/python2.7/site-packages/behave/matchers.py\", line 98, in run\n    self.func(context, *args, **kwargs)\n  File \"features/steps/Steps.py\", line 86, in step_impl\n    assertions.assert_resultset_length(resultset, expected_length)\n  File \"/home/laptop-linux/dev/redis/graph/tests/tck/features/steps/../../utils/assertions.py\", line 195, in assert_resultset_length\n    assert(len(resultset.result_set) == length)\n"}, "uuid": "f24a0517-5310-43e9-ac1d-628532c78d7f"}