{"status": "failed", "name": "Named path with undirected fixed variable length pattern", "labels": [{"name": "severity", "value": "normal"}, {"name": "tag", "value": "skip"}, {"name": "feature", "value": "MatchAcceptance2"}, {"name": "framework", "value": "behave"}, {"name": "language", "value": "cpython2"}], "stop": 1578486075928, "historyId": "a6e112d3285b8a13daa448f3e5a42b9a", "start": 1578486075699, "steps": [{"status": "passed", "start": 1578486075699, "stop": 1578486075915, "name": "Given an empty graph"}, {"status": "passed", "start": 1578486075916, "stop": 1578486075920, "name": "And having executed", "attachments": [{"source": "f629bf4d-9bbf-4e32-bdfb-370c65c1042e-attachment.txt", "type": "text/plain", "name": ".text"}]}, {"status": "passed", "start": 1578486075920, "stop": 1578486075924, "name": "When executing query", "attachments": [{"source": "3919b915-bf67-4444-aae9-d5921667ffd7-attachment.txt", "type": "text/plain", "name": ".text"}]}, {"status": "failed", "attachments": [{"source": "3feb97ba-3caa-4eb2-92ba-a0e68674bf4d-attachment.csv", "type": "text/csv", "name": ".table"}], "stop": 1578486075927, "start": 1578486075925, "statusDetails": {"message": "AssertionError\n", "trace": "  File \"/home/laptop-linux/.local/lib/python2.7/site-packages/behave/model.py\", line 1329, in run\n    match.run(runner.context)\n  File \"/home/laptop-linux/.local/lib/python2.7/site-packages/behave/matchers.py\", line 98, in run\n    self.func(context, *args, **kwargs)\n  File \"features/steps/Steps.py\", line 86, in step_impl\n    assertions.assert_resultset_length(resultset, expected_length)\n  File \"/home/laptop-linux/dev/redis/graph/tests/tck/features/steps/../../utils/assertions.py\", line 195, in assert_resultset_length\n    assert(len(resultset.result_set) == length)\n"}, "name": "Then the result should be"}, {"status": "skipped", "start": 1578486075928, "stop": 1578486075928, "name": "And no side effects"}], "statusDetails": {"message": "AssertionError\n", "trace": "  File \"/home/laptop-linux/.local/lib/python2.7/site-packages/behave/model.py\", line 1329, in run\n    match.run(runner.context)\n  File \"/home/laptop-linux/.local/lib/python2.7/site-packages/behave/matchers.py\", line 98, in run\n    self.func(context, *args, **kwargs)\n  File \"features/steps/Steps.py\", line 86, in step_impl\n    assertions.assert_resultset_length(resultset, expected_length)\n  File \"/home/laptop-linux/dev/redis/graph/tests/tck/features/steps/../../utils/assertions.py\", line 195, in assert_resultset_length\n    assert(len(resultset.result_set) == length)\n"}, "uuid": "83fc6d16-a896-4ac0-adfc-4913149ce289"}