{"status": "failed", "name": "`toBoolean()` on invalid types -- @1.3 ", "parameters": [{"name": "invalid", "value": "1"}], "labels": [{"name": "severity", "value": "normal"}, {"name": "tag", "value": "skip"}, {"name": "feature", "value": "TypeConversionFunctions"}, {"name": "framework", "value": "behave"}, {"name": "language", "value": "cpython2"}], "stop": 1578486164976, "historyId": "c6278f28fd6907ff09b54fed6f7cad21", "start": 1578486164767, "steps": [{"status": "passed", "start": 1578486164769, "stop": 1578486164973, "name": "Given any graph"}, {"status": "passed", "start": 1578486164973, "stop": 1578486164974, "name": "When executing query", "attachments": [{"source": "84779c8a-61c4-4ffb-9766-bf3dbe9ccafb-attachment.txt", "type": "text/plain", "name": ".text"}]}, {"status": "failed", "start": 1578486164975, "stop": 1578486164975, "name": "Then a TypeError should be raised at runtime: InvalidArgumentValue", "statusDetails": {"message": "AssertionError\n", "trace": "  File \"/home/laptop-linux/.local/lib/python2.7/site-packages/behave/model.py\", line 1329, in run\n    match.run(runner.context)\n  File \"/home/laptop-linux/.local/lib/python2.7/site-packages/behave/matchers.py\", line 98, in run\n    self.func(context, *args, **kwargs)\n  File \"features/steps/Steps.py\", line 142, in step_impl\n    assert \"Type mismatch\" in exception.message\n"}}], "statusDetails": {"message": "AssertionError\n", "trace": "  File \"/home/laptop-linux/.local/lib/python2.7/site-packages/behave/model.py\", line 1329, in run\n    match.run(runner.context)\n  File \"/home/laptop-linux/.local/lib/python2.7/site-packages/behave/matchers.py\", line 98, in run\n    self.func(context, *args, **kwargs)\n  File \"features/steps/Steps.py\", line 142, in step_impl\n    assert \"Type mismatch\" in exception.message\n"}, "uuid": "546f705b-a187-41be-a698-ca4c6d5f6f5a"}