{"status": "failed", "name": "Failing when using a path variable that is already bound", "labels": [{"name": "severity", "value": "normal"}, {"name": "tag", "value": "skip"}, {"name": "feature", "value": "MiscellaneousErrorAcceptance"}, {"name": "framework", "value": "behave"}, {"name": "language", "value": "cpython2"}], "stop": 1578486099772, "historyId": "64e3ed973b640965cb10e33e4da25caf", "start": 1578486099557, "steps": [{"status": "passed", "start": 1578486099559, "stop": 1578486099765, "name": "Given any graph"}, {"status": "passed", "start": 1578486099766, "stop": 1578486099769, "name": "When executing query", "attachments": [{"source": "ffe84ad6-43c6-4e36-83fa-a091e9b604db-attachment.txt", "type": "text/plain", "name": ".text"}]}, {"status": "failed", "start": 1578486099770, "stop": 1578486099771, "name": "Then a SyntaxError should be raised at compile time: VariableAlreadyBound", "statusDetails": {"message": "AssertionError\n", "trace": "  File \"/home/laptop-linux/.local/lib/python2.7/site-packages/behave/model.py\", line 1329, in run\n    match.run(runner.context)\n  File \"/home/laptop-linux/.local/lib/python2.7/site-packages/behave/matchers.py\", line 98, in run\n    self.func(context, *args, **kwargs)\n  File \"features/steps/Steps.py\", line 122, in step_impl\n    assert exception != None\n"}}], "statusDetails": {"message": "AssertionError\n", "trace": "  File \"/home/laptop-linux/.local/lib/python2.7/site-packages/behave/model.py\", line 1329, in run\n    match.run(runner.context)\n  File \"/home/laptop-linux/.local/lib/python2.7/site-packages/behave/matchers.py\", line 98, in run\n    self.func(context, *args, **kwargs)\n  File \"features/steps/Steps.py\", line 122, in step_impl\n    assert exception != None\n"}, "uuid": "25ea0694-d075-4db4-b64c-29bd9bc4dfd2"}