{"status": "failed", "name": "Matching using a relationship that is already bound", "labels": [{"name": "severity", "value": "normal"}, {"name": "tag", "value": "skip"}, {"name": "feature", "value": "MatchAcceptance2"}, {"name": "framework", "value": "behave"}, {"name": "language", "value": "cpython2"}], "stop": 1578486070888, "historyId": "1dd85201b6f5a064719583cf0e46a386", "start": 1578486070671, "steps": [{"status": "passed", "start": 1578486070672, "stop": 1578486070875, "name": "Given an empty graph"}, {"status": "passed", "start": 1578486070876, "stop": 1578486070879, "name": "And having executed", "attachments": [{"source": "471fe274-217d-468c-9852-a296216603ed-attachment.txt", "type": "text/plain", "name": ".text"}]}, {"status": "passed", "start": 1578486070880, "stop": 1578486070885, "name": "When executing query", "attachments": [{"source": "f5f279e7-9420-4618-a125-af1c773d9234-attachment.txt", "type": "text/plain", "name": ".text"}]}, {"status": "failed", "attachments": [{"source": "fc3a1ee1-69cb-45e1-9788-c82595da7c69-attachment.csv", "type": "text/csv", "name": ".table"}], "stop": 1578486070887, "start": 1578486070885, "statusDetails": {"message": "AssertionError\n", "trace": "  File \"/home/laptop-linux/.local/lib/python2.7/site-packages/behave/model.py\", line 1329, in run\n    match.run(runner.context)\n  File \"/home/laptop-linux/.local/lib/python2.7/site-packages/behave/matchers.py\", line 98, in run\n    self.func(context, *args, **kwargs)\n  File \"features/steps/Steps.py\", line 86, in step_impl\n    assertions.assert_resultset_length(resultset, expected_length)\n  File \"/home/laptop-linux/dev/redis/graph/tests/tck/features/steps/../../utils/assertions.py\", line 195, in assert_resultset_length\n    assert(len(resultset.result_set) == length)\n"}, "name": "Then the result should be"}, {"status": "skipped", "start": 1578486070888, "stop": 1578486070888, "name": "And no side effects"}], "statusDetails": {"message": "AssertionError\n", "trace": "  File \"/home/laptop-linux/.local/lib/python2.7/site-packages/behave/model.py\", line 1329, in run\n    match.run(runner.context)\n  File \"/home/laptop-linux/.local/lib/python2.7/site-packages/behave/matchers.py\", line 98, in run\n    self.func(context, *args, **kwargs)\n  File \"features/steps/Steps.py\", line 86, in step_impl\n    assertions.assert_resultset_length(resultset, expected_length)\n  File \"/home/laptop-linux/dev/redis/graph/tests/tck/features/steps/../../utils/assertions.py\", line 195, in assert_resultset_length\n    assert(len(resultset.result_set) == length)\n"}, "uuid": "62cfc198-d9d4-431c-af0d-aae9b230d51f"}