{"status": "failed", "name": "Fail when adding new label predicate on a node that is already bound 2", "labels": [{"name": "severity", "value": "normal"}, {"name": "tag", "value": "skip"}, {"name": "feature", "value": "LabelsAcceptance"}, {"name": "framework", "value": "behave"}, {"name": "language", "value": "cpython2"}], "stop": 1578486033157, "historyId": "d78af77893bdd713499b3956c7b60ab2", "start": 1578486033036, "steps": [{"status": "passed", "start": 1578486033036, "stop": 1578486033150, "name": "Given an empty graph"}, {"status": "passed", "start": 1578486033151, "stop": 1578486033154, "name": "When executing query", "attachments": [{"source": "8547c874-4a21-4aba-aac6-8c9a18f384c4-attachment.txt", "type": "text/plain", "name": ".text"}]}, {"status": "failed", "start": 1578486033155, "stop": 1578486033156, "name": "Then a SyntaxError should be raised at compile time: VariableAlreadyBound", "statusDetails": {"message": "AssertionError\n", "trace": "  File \"/home/laptop-linux/.local/lib/python2.7/site-packages/behave/model.py\", line 1329, in run\n    match.run(runner.context)\n  File \"/home/laptop-linux/.local/lib/python2.7/site-packages/behave/matchers.py\", line 98, in run\n    self.func(context, *args, **kwargs)\n  File \"features/steps/Steps.py\", line 122, in step_impl\n    assert exception != None\n"}}], "statusDetails": {"message": "AssertionError\n", "trace": "  File \"/home/laptop-linux/.local/lib/python2.7/site-packages/behave/model.py\", line 1329, in run\n    match.run(runner.context)\n  File \"/home/laptop-linux/.local/lib/python2.7/site-packages/behave/matchers.py\", line 98, in run\n    self.func(context, *args, **kwargs)\n  File \"features/steps/Steps.py\", line 122, in step_impl\n    assert exception != None\n"}, "uuid": "a92bf668-da64-4d19-902f-d3d08d90e68e"}