{"status": "failed", "name": "Failing on aggregation in ORDER BY after WITH", "labels": [{"name": "severity", "value": "normal"}, {"name": "tag", "value": "skip"}, {"name": "feature", "value": "MiscellaneousErrorAcceptance"}, {"name": "framework", "value": "behave"}, {"name": "language", "value": "cpython2"}], "stop": 1578486098643, "historyId": "f4431235ab806f908c18fd9b5c884937", "start": 1578486098430, "steps": [{"status": "passed", "start": 1578486098432, "stop": 1578486098637, "name": "Given any graph"}, {"status": "passed", "start": 1578486098637, "stop": 1578486098641, "name": "When executing query", "attachments": [{"source": "7705d8b9-4518-4578-a9c5-310e9a51a558-attachment.txt", "type": "text/plain", "name": ".text"}]}, {"status": "failed", "start": 1578486098641, "stop": 1578486098642, "name": "Then a SyntaxError should be raised at compile time: InvalidAggregation", "statusDetails": {"message": "AssertionError\n", "trace": "  File \"/home/laptop-linux/.local/lib/python2.7/site-packages/behave/model.py\", line 1329, in run\n    match.run(runner.context)\n  File \"/home/laptop-linux/.local/lib/python2.7/site-packages/behave/matchers.py\", line 98, in run\n    self.func(context, *args, **kwargs)\n  File \"features/steps/Steps.py\", line 111, in step_impl\n    assert exception != None\n"}}], "statusDetails": {"message": "AssertionError\n", "trace": "  File \"/home/laptop-linux/.local/lib/python2.7/site-packages/behave/model.py\", line 1329, in run\n    match.run(runner.context)\n  File \"/home/laptop-linux/.local/lib/python2.7/site-packages/behave/matchers.py\", line 98, in run\n    self.func(context, *args, **kwargs)\n  File \"features/steps/Steps.py\", line 111, in step_impl\n    assert exception != None\n"}, "uuid": "4856a4fc-5064-41fc-a6ae-41b0a0cfbd23"}