{"status": "failed", "name": "Create a single node with multiple labels", "labels": [{"name": "severity", "value": "normal"}, {"name": "tag", "value": "skip"}, {"name": "feature", "value": "CreateAcceptance"}, {"name": "framework", "value": "behave"}, {"name": "language", "value": "cpython2"}], "stop": 1578486003309, "historyId": "dc822340fa1f5eafe803f9cbb48efccc", "start": 1578486003085, "steps": [{"status": "passed", "start": 1578486003087, "stop": 1578486003302, "name": "Given an empty graph"}, {"status": "passed", "start": 1578486003303, "stop": 1578486003306, "name": "When executing query", "attachments": [{"source": "e04dfc05-bd63-4d74-824e-d5fceb69fd13-attachment.txt", "type": "text/plain", "name": ".text"}]}, {"status": "passed", "start": 1578486003306, "stop": 1578486003307, "name": "Then the result should be empty"}, {"status": "failed", "attachments": [{"source": "840113b9-b0be-4d0f-805d-0dd44c5b21a0-attachment.csv", "type": "text/csv", "name": ".table"}], "stop": 1578486003309, "start": 1578486003307, "statusDetails": {"message": "AssertionError\n", "trace": "  File \"/home/laptop-linux/.local/lib/python2.7/site-packages/behave/model.py\", line 1329, in run\n    match.run(runner.context)\n  File \"/home/laptop-linux/.local/lib/python2.7/site-packages/behave/matchers.py\", line 98, in run\n    self.func(context, *args, **kwargs)\n  File \"features/steps/Steps.py\", line 75, in step_impl\n    assertions.assert_statistics(resultset, stat, value)\n  File \"/home/laptop-linux/dev/redis/graph/tests/tck/features/steps/../../utils/assertions.py\", line 177, in assert_statistics\n    assert(resultset.labels_added == value)\n"}, "name": "And the side effects should be"}], "statusDetails": {"message": "AssertionError\n", "trace": "  File \"/home/laptop-linux/.local/lib/python2.7/site-packages/behave/model.py\", line 1329, in run\n    match.run(runner.context)\n  File \"/home/laptop-linux/.local/lib/python2.7/site-packages/behave/matchers.py\", line 98, in run\n    self.func(context, *args, **kwargs)\n  File \"features/steps/Steps.py\", line 75, in step_impl\n    assertions.assert_statistics(resultset, stat, value)\n  File \"/home/laptop-linux/dev/redis/graph/tests/tck/features/steps/../../utils/assertions.py\", line 177, in assert_statistics\n    assert(resultset.labels_added == value)\n"}, "uuid": "2c178b8e-74c9-40a3-bce3-1db6c2d23f8a"}