{"status": "failed", "name": "Creating node without label", "labels": [{"name": "severity", "value": "normal"}, {"name": "tag", "value": "skip"}, {"name": "feature", "value": "LabelsAcceptance"}, {"name": "framework", "value": "behave"}, {"name": "language", "value": "cpython2"}], "stop": 1578486032177, "historyId": "c9ace220dad182050438ed155b4ab7d3", "start": 1578486032035, "steps": [{"status": "passed", "start": 1578486032037, "stop": 1578486032170, "name": "Given an empty graph"}, {"status": "passed", "start": 1578486032170, "stop": 1578486032173, "name": "When executing query", "attachments": [{"source": "fce93ced-8e2d-431d-897f-d95bf645adbd-attachment.txt", "type": "text/plain", "name": ".text"}]}, {"status": "failed", "attachments": [{"source": "e7a4e873-1a2d-4de2-9fc8-f24ae933380b-attachment.csv", "type": "text/csv", "name": ".table"}], "stop": 1578486032175, "start": 1578486032174, "statusDetails": {"message": "AssertionError\n", "trace": "  File \"/home/laptop-linux/.local/lib/python2.7/site-packages/behave/model.py\", line 1329, in run\n    match.run(runner.context)\n  File \"/home/laptop-linux/.local/lib/python2.7/site-packages/behave/matchers.py\", line 98, in run\n    self.func(context, *args, **kwargs)\n  File \"features/steps/Steps.py\", line 87, in step_impl\n    assertions.assert_resultsets_equals(resultset, context.table)\n  File \"/home/laptop-linux/dev/redis/graph/tests/tck/features/steps/../../utils/assertions.py\", line 218, in assert_resultsets_equals\n    assert actualCtr == expectedCtr\n"}, "name": "Then the result should be"}, {"status": "skipped", "start": 1578486032176, "stop": 1578486032177, "name": "And the side effects should be", "attachments": [{"source": "59cc3fec-6034-4f06-9163-a02215b13488-attachment.csv", "type": "text/csv", "name": ".table"}]}], "statusDetails": {"message": "AssertionError\n", "trace": "  File \"/home/laptop-linux/.local/lib/python2.7/site-packages/behave/model.py\", line 1329, in run\n    match.run(runner.context)\n  File \"/home/laptop-linux/.local/lib/python2.7/site-packages/behave/matchers.py\", line 98, in run\n    self.func(context, *args, **kwargs)\n  File \"features/steps/Steps.py\", line 87, in step_impl\n    assertions.assert_resultsets_equals(resultset, context.table)\n  File \"/home/laptop-linux/dev/redis/graph/tests/tck/features/steps/../../utils/assertions.py\", line 218, in assert_resultsets_equals\n    assert actualCtr == expectedCtr\n"}, "uuid": "6f0f9121-d65a-4fec-ab84-1826a684d4b7"}