{"status": "failed", "name": "Using `rand()` in aggregations", "labels": [{"name": "severity", "value": "normal"}, {"name": "tag", "value": "skip"}, {"name": "feature", "value": "SyntaxErrorAcceptance"}, {"name": "framework", "value": "behave"}, {"name": "language", "value": "cpython2"}], "stop": 1578486154245, "historyId": "b8b0ac00751da0dfb362d5a30ae7b625", "start": 1578486154033, "steps": [{"status": "passed", "start": 1578486154035, "stop": 1578486154240, "name": "Given any graph"}, {"status": "passed", "start": 1578486154241, "stop": 1578486154243, "name": "When executing query", "attachments": [{"source": "a9c00ed9-6d48-422f-b3d8-340016f0fec6-attachment.txt", "type": "text/plain", "name": ".text"}]}, {"status": "failed", "start": 1578486154244, "stop": 1578486154245, "name": "Then a SyntaxError should be raised at compile time: NonConstantExpression", "statusDetails": {"message": "AssertionError\n", "trace": "  File \"/home/laptop-linux/.local/lib/python2.7/site-packages/behave/model.py\", line 1329, in run\n    match.run(runner.context)\n  File \"/home/laptop-linux/.local/lib/python2.7/site-packages/behave/matchers.py\", line 98, in run\n    self.func(context, *args, **kwargs)\n  File \"features/steps/Steps.py\", line 171, in step_impl\n    assert exception != None\n"}}], "statusDetails": {"message": "AssertionError\n", "trace": "  File \"/home/laptop-linux/.local/lib/python2.7/site-packages/behave/model.py\", line 1329, in run\n    match.run(runner.context)\n  File \"/home/laptop-linux/.local/lib/python2.7/site-packages/behave/matchers.py\", line 98, in run\n    self.func(context, *args, **kwargs)\n  File \"features/steps/Steps.py\", line 171, in step_impl\n    assert exception != None\n"}, "uuid": "be4fe69d-0e89-4a52-809e-8255862c7b73"}