{"status": "failed", "name": "`properties()` failing on a list of booleans", "labels": [{"name": "severity", "value": "normal"}, {"name": "tag", "value": "skip"}, {"name": "feature", "value": "FunctionsAcceptance"}, {"name": "framework", "value": "behave"}, {"name": "language", "value": "cpython2"}], "stop": 1578486021070, "historyId": "bc166b5c39bff22e8a7fc53bc30a1788", "start": 1578486020953, "steps": [{"status": "passed", "start": 1578486020955, "stop": 1578486021069, "name": "Given any graph"}, {"status": "passed", "start": 1578486021069, "stop": 1578486021070, "name": "When executing query", "attachments": [{"source": "09a8da61-c74d-4822-92dd-40ec43a241e9-attachment.txt", "type": "text/plain", "name": ".text"}]}, {"status": "failed", "start": 1578486021070, "stop": 1578486021070, "name": "Then a SyntaxError should be raised at compile time: InvalidArgumentType", "statusDetails": {"message": "AssertionError\n", "trace": "  File \"/home/laptop-linux/.local/lib/python2.7/site-packages/behave/model.py\", line 1329, in run\n    match.run(runner.context)\n  File \"/home/laptop-linux/.local/lib/python2.7/site-packages/behave/matchers.py\", line 98, in run\n    self.func(context, *args, **kwargs)\n  File \"features/steps/Steps.py\", line 135, in step_impl\n    assert \"Type mismatch\" in exception.message\n"}}], "statusDetails": {"message": "AssertionError\n", "trace": "  File \"/home/laptop-linux/.local/lib/python2.7/site-packages/behave/model.py\", line 1329, in run\n    match.run(runner.context)\n  File \"/home/laptop-linux/.local/lib/python2.7/site-packages/behave/matchers.py\", line 98, in run\n    self.func(context, *args, **kwargs)\n  File \"features/steps/Steps.py\", line 135, in step_impl\n    assert \"Type mismatch\" in exception.message\n"}, "uuid": "b8cb7b47-38f0-451d-bd02-81f83a1263f8"}