{"status": "failed", "name": "Mixing directed and undirected pattern parts with self-relationship, undirected", "labels": [{"name": "severity", "value": "normal"}, {"name": "tag", "value": "skip"}, {"name": "feature", "value": "MatchingSelfRelationships"}, {"name": "framework", "value": "behave"}, {"name": "language", "value": "cpython2"}], "stop": 1578486084078, "historyId": "973e0b9baa7bf17b9ad35cd530b8b50d", "start": 1578486083947, "steps": [{"status": "passed", "start": 1578486083948, "stop": 1578486084057, "name": "Given an empty graph"}, {"status": "passed", "start": 1578486084058, "stop": 1578486084062, "name": "And having executed", "attachments": [{"source": "cec04873-f2e4-4cb4-85ee-87bbf99714b5-attachment.txt", "type": "text/plain", "name": ".text"}]}, {"status": "passed", "start": 1578486084062, "stop": 1578486084075, "name": "When executing query", "attachments": [{"source": "edfa5089-bdd8-4e29-b9e3-76c13b5ad40f-attachment.txt", "type": "text/plain", "name": ".text"}]}, {"status": "failed", "attachments": [{"source": "43ea2980-79bc-4c12-9af3-1d6311b51371-attachment.csv", "type": "text/csv", "name": ".table"}], "stop": 1578486084077, "start": 1578486084075, "statusDetails": {"message": "AssertionError\n", "trace": "  File \"/home/laptop-linux/.local/lib/python2.7/site-packages/behave/model.py\", line 1329, in run\n    match.run(runner.context)\n  File \"/home/laptop-linux/.local/lib/python2.7/site-packages/behave/matchers.py\", line 98, in run\n    self.func(context, *args, **kwargs)\n  File \"features/steps/Steps.py\", line 86, in step_impl\n    assertions.assert_resultset_length(resultset, expected_length)\n  File \"/home/laptop-linux/dev/redis/graph/tests/tck/features/steps/../../utils/assertions.py\", line 195, in assert_resultset_length\n    assert(len(resultset.result_set) == length)\n"}, "name": "Then the result should be"}, {"status": "skipped", "start": 1578486084078, "stop": 1578486084078, "name": "And no side effects"}], "statusDetails": {"message": "AssertionError\n", "trace": "  File \"/home/laptop-linux/.local/lib/python2.7/site-packages/behave/model.py\", line 1329, in run\n    match.run(runner.context)\n  File \"/home/laptop-linux/.local/lib/python2.7/site-packages/behave/matchers.py\", line 98, in run\n    self.func(context, *args, **kwargs)\n  File \"features/steps/Steps.py\", line 86, in step_impl\n    assertions.assert_resultset_length(resultset, expected_length)\n  File \"/home/laptop-linux/dev/redis/graph/tests/tck/features/steps/../../utils/assertions.py\", line 195, in assert_resultset_length\n    assert(len(resultset.result_set) == length)\n"}, "uuid": "5b233faf-43ea-4c2e-a8ca-5509a91f2ac8"}