{"status": "failed", "name": "Setting a node property to null removes the existing property", "labels": [{"name": "severity", "value": "normal"}, {"name": "tag", "value": "skip"}, {"name": "feature", "value": "SetAcceptance"}, {"name": "framework", "value": "behave"}, {"name": "language", "value": "cpython2"}], "stop": 1578486144284, "historyId": "2894c601681ec5b7478e1dc54dad2bc3", "start": 1578486144067, "steps": [{"status": "passed", "start": 1578486144069, "stop": 1578486144272, "name": "Given an empty graph"}, {"status": "passed", "start": 1578486144273, "stop": 1578486144275, "name": "And having executed", "attachments": [{"source": "13ae636b-97bf-4396-be82-2b6055c0373e-attachment.txt", "type": "text/plain", "name": ".text"}]}, {"status": "passed", "start": 1578486144275, "stop": 1578486144281, "name": "When executing query", "attachments": [{"source": "0b4fcaf3-26e8-4ec3-b1f2-0436252fe13f-attachment.txt", "type": "text/plain", "name": ".text"}]}, {"status": "passed", "start": 1578486144281, "stop": 1578486144282, "name": "Then the result should be", "attachments": [{"source": "c9b55df4-6ecc-4334-990a-175a2582671d-attachment.csv", "type": "text/csv", "name": ".table"}]}, {"status": "failed", "attachments": [{"source": "6d8d2b95-4032-4678-83b7-13b7b2640be5-attachment.csv", "type": "text/csv", "name": ".table"}], "stop": 1578486144284, "start": 1578486144282, "statusDetails": {"message": "AssertionError\n", "trace": "  File \"/home/laptop-linux/.local/lib/python2.7/site-packages/behave/model.py\", line 1329, in run\n    match.run(runner.context)\n  File \"/home/laptop-linux/.local/lib/python2.7/site-packages/behave/matchers.py\", line 98, in run\n    self.func(context, *args, **kwargs)\n  File \"features/steps/Steps.py\", line 70, in step_impl\n    assertions.assert_statistics(resultset, stat, value)\n  File \"/home/laptop-linux/dev/redis/graph/tests/tck/features/steps/../../utils/assertions.py\", line 183, in assert_statistics\n    assert(False)\n"}, "name": "And the side effects should be"}], "statusDetails": {"message": "AssertionError\n", "trace": "  File \"/home/laptop-linux/.local/lib/python2.7/site-packages/behave/model.py\", line 1329, in run\n    match.run(runner.context)\n  File \"/home/laptop-linux/.local/lib/python2.7/site-packages/behave/matchers.py\", line 98, in run\n    self.func(context, *args, **kwargs)\n  File \"features/steps/Steps.py\", line 70, in step_impl\n    assertions.assert_statistics(resultset, stat, value)\n  File \"/home/laptop-linux/dev/redis/graph/tests/tck/features/steps/../../utils/assertions.py\", line 183, in assert_statistics\n    assert(False)\n"}, "uuid": "8037f987-ea48-46f7-a06b-ae09f808e1bc"}