{"status": "failed", "name": "Ignore space when creating node with labels", "labels": [{"name": "severity", "value": "normal"}, {"name": "tag", "value": "skip"}, {"name": "feature", "value": "LabelsAcceptance"}, {"name": "framework", "value": "behave"}, {"name": "language", "value": "cpython2"}], "stop": 1578486032608, "historyId": "e72abb84d162fc618ea419ebb5e203b7", "start": 1578486032390, "steps": [{"status": "passed", "start": 1578486032392, "stop": 1578486032601, "name": "Given an empty graph"}, {"status": "passed", "start": 1578486032602, "stop": 1578486032605, "name": "When executing query", "attachments": [{"source": "28bdfb77-c1fa-4520-a8a9-8d5b52183fea-attachment.txt", "type": "text/plain", "name": ".text"}]}, {"status": "failed", "attachments": [{"source": "971a4f24-bc6a-4e66-a0fe-b5ae1e87cdd2-attachment.csv", "type": "text/csv", "name": ".table"}], "stop": 1578486032607, "start": 1578486032605, "statusDetails": {"message": "AssertionError\n", "trace": "  File \"/home/laptop-linux/.local/lib/python2.7/site-packages/behave/model.py\", line 1329, in run\n    match.run(runner.context)\n  File \"/home/laptop-linux/.local/lib/python2.7/site-packages/behave/matchers.py\", line 98, in run\n    self.func(context, *args, **kwargs)\n  File \"features/steps/Steps.py\", line 87, in step_impl\n    assertions.assert_resultsets_equals(resultset, context.table)\n  File \"/home/laptop-linux/dev/redis/graph/tests/tck/features/steps/../../utils/assertions.py\", line 218, in assert_resultsets_equals\n    assert actualCtr == expectedCtr\n"}, "name": "Then the result should be"}, {"status": "skipped", "start": 1578486032608, "stop": 1578486032608, "name": "And the side effects should be", "attachments": [{"source": "cf3da792-b095-4abb-b981-7666ec8043f5-attachment.csv", "type": "text/csv", "name": ".table"}]}], "statusDetails": {"message": "AssertionError\n", "trace": "  File \"/home/laptop-linux/.local/lib/python2.7/site-packages/behave/model.py\", line 1329, in run\n    match.run(runner.context)\n  File \"/home/laptop-linux/.local/lib/python2.7/site-packages/behave/matchers.py\", line 98, in run\n    self.func(context, *args, **kwargs)\n  File \"features/steps/Steps.py\", line 87, in step_impl\n    assertions.assert_resultsets_equals(resultset, context.table)\n  File \"/home/laptop-linux/dev/redis/graph/tests/tck/features/steps/../../utils/assertions.py\", line 218, in assert_resultsets_equals\n    assert actualCtr == expectedCtr\n"}, "uuid": "75cc3f83-a29f-42b7-976e-8c185dfab42f"}