{"status": "failed", "name": "Create node with label in pattern", "labels": [{"name": "severity", "value": "normal"}, {"name": "tag", "value": "skip"}, {"name": "feature", "value": "LabelsAcceptance"}, {"name": "framework", "value": "behave"}, {"name": "language", "value": "cpython2"}], "stop": 1578486032825, "historyId": "cdd93fa1ad6a53cc76806ea255ef1aec", "start": 1578486032611, "steps": [{"status": "passed", "start": 1578486032612, "stop": 1578486032817, "name": "Given an empty graph"}, {"status": "passed", "start": 1578486032817, "stop": 1578486032821, "name": "When executing query", "attachments": [{"source": "672480de-b144-4f55-998e-89844e16ac83-attachment.txt", "type": "text/plain", "name": ".text"}]}, {"status": "failed", "attachments": [{"source": "035a7831-71b8-4435-9328-70050bac7ec1-attachment.csv", "type": "text/csv", "name": ".table"}], "stop": 1578486032823, "start": 1578486032821, "statusDetails": {"message": "AssertionError\n", "trace": "  File \"/home/laptop-linux/.local/lib/python2.7/site-packages/behave/model.py\", line 1329, in run\n    match.run(runner.context)\n  File \"/home/laptop-linux/.local/lib/python2.7/site-packages/behave/matchers.py\", line 98, in run\n    self.func(context, *args, **kwargs)\n  File \"features/steps/Steps.py\", line 87, in step_impl\n    assertions.assert_resultsets_equals(resultset, context.table)\n  File \"/home/laptop-linux/dev/redis/graph/tests/tck/features/steps/../../utils/assertions.py\", line 218, in assert_resultsets_equals\n    assert actualCtr == expectedCtr\n"}, "name": "Then the result should be"}, {"status": "skipped", "start": 1578486032824, "stop": 1578486032824, "name": "And the side effects should be", "attachments": [{"source": "addc54e2-647a-4f2e-bbf5-1b6c0bb67286-attachment.csv", "type": "text/csv", "name": ".table"}]}], "statusDetails": {"message": "AssertionError\n", "trace": "  File \"/home/laptop-linux/.local/lib/python2.7/site-packages/behave/model.py\", line 1329, in run\n    match.run(runner.context)\n  File \"/home/laptop-linux/.local/lib/python2.7/site-packages/behave/matchers.py\", line 98, in run\n    self.func(context, *args, **kwargs)\n  File \"features/steps/Steps.py\", line 87, in step_impl\n    assertions.assert_resultsets_equals(resultset, context.table)\n  File \"/home/laptop-linux/dev/redis/graph/tests/tck/features/steps/../../utils/assertions.py\", line 218, in assert_resultsets_equals\n    assert actualCtr == expectedCtr\n"}, "uuid": "c5db017c-2755-4ef4-81b0-309f48192873"}