{"status": "failed", "name": "Failing when using a variable length relationship as a single relationship", "labels": [{"name": "severity", "value": "normal"}, {"name": "tag", "value": "skip"}, {"name": "feature", "value": "MiscellaneousErrorAcceptance"}, {"name": "framework", "value": "behave"}, {"name": "language", "value": "cpython2"}], "stop": 1578486100116, "historyId": "8f635988a99fe616d838c031a9bf158f", "start": 1578486099901, "steps": [{"status": "passed", "start": 1578486099903, "stop": 1578486100110, "name": "Given any graph"}, {"status": "passed", "start": 1578486100110, "stop": 1578486100113, "name": "When executing query", "attachments": [{"source": "8aca7757-fece-4a52-ad3d-42397286ae2f-attachment.txt", "type": "text/plain", "name": ".text"}]}, {"status": "failed", "start": 1578486100114, "stop": 1578486100115, "name": "Then a SyntaxError should be raised at compile time: InvalidArgumentType", "statusDetails": {"message": "AssertionError\n", "trace": "  File \"/home/laptop-linux/.local/lib/python2.7/site-packages/behave/model.py\", line 1329, in run\n    match.run(runner.context)\n  File \"/home/laptop-linux/.local/lib/python2.7/site-packages/behave/matchers.py\", line 98, in run\n    self.func(context, *args, **kwargs)\n  File \"features/steps/Steps.py\", line 135, in step_impl\n    assert \"Type mismatch\" in exception.message\n"}}], "statusDetails": {"message": "AssertionError\n", "trace": "  File \"/home/laptop-linux/.local/lib/python2.7/site-packages/behave/model.py\", line 1329, in run\n    match.run(runner.context)\n  File \"/home/laptop-linux/.local/lib/python2.7/site-packages/behave/matchers.py\", line 98, in run\n    self.func(context, *args, **kwargs)\n  File \"features/steps/Steps.py\", line 135, in step_impl\n    assert \"Type mismatch\" in exception.message\n"}, "uuid": "22cbd883-3afd-46fd-af39-7ecec126a2d5"}