{"status": "failed", "name": "Do not match on deleted relationships", "labels": [{"name": "severity", "value": "normal"}, {"name": "tag", "value": "skip"}, {"name": "feature", "value": "MergeRelationshipAcceptance"}, {"name": "framework", "value": "behave"}, {"name": "language", "value": "cpython2"}], "stop": 1578486096624, "historyId": "2e6e3fd1c1cc1f31ed36c95a4be317f8", "start": 1578486096505, "steps": [{"status": "passed", "start": 1578486096505, "stop": 1578486096614, "name": "Given an empty graph"}, {"status": "passed", "start": 1578486096615, "stop": 1578486096619, "name": "And having executed", "attachments": [{"source": "c804a8b8-ede7-4c0e-8f63-af4a7502602c-attachment.txt", "type": "text/plain", "name": ".text"}]}, {"status": "passed", "start": 1578486096619, "stop": 1578486096623, "name": "When executing query", "attachments": [{"source": "feabeeeb-b091-4e94-a69a-1e4415cc948d-attachment.txt", "type": "text/plain", "name": ".text"}]}, {"status": "failed", "attachments": [{"source": "640149fa-8700-4b4f-aa60-cf1cb4ba4e4e-attachment.csv", "type": "text/csv", "name": ".table"}], "stop": 1578486096624, "start": 1578486096623, "statusDetails": {"message": "AssertionError\n", "trace": "  File \"/home/laptop-linux/.local/lib/python2.7/site-packages/behave/model.py\", line 1329, in run\n    match.run(runner.context)\n  File \"/home/laptop-linux/.local/lib/python2.7/site-packages/behave/matchers.py\", line 98, in run\n    self.func(context, *args, **kwargs)\n  File \"features/steps/Steps.py\", line 86, in step_impl\n    assertions.assert_resultset_length(resultset, expected_length)\n  File \"/home/laptop-linux/dev/redis/graph/tests/tck/features/steps/../../utils/assertions.py\", line 195, in assert_resultset_length\n    assert(len(resultset.result_set) == length)\n"}, "name": "Then the result should be"}, {"status": "skipped", "start": 1578486096624, "stop": 1578486096624, "name": "And the side effects should be", "attachments": [{"source": "19adba75-e9a9-4f32-8065-44d532ed971a-attachment.csv", "type": "text/csv", "name": ".table"}]}], "statusDetails": {"message": "AssertionError\n", "trace": "  File \"/home/laptop-linux/.local/lib/python2.7/site-packages/behave/model.py\", line 1329, in run\n    match.run(runner.context)\n  File \"/home/laptop-linux/.local/lib/python2.7/site-packages/behave/matchers.py\", line 98, in run\n    self.func(context, *args, **kwargs)\n  File \"features/steps/Steps.py\", line 86, in step_impl\n    assertions.assert_resultset_length(resultset, expected_length)\n  File \"/home/laptop-linux/dev/redis/graph/tests/tck/features/steps/../../utils/assertions.py\", line 195, in assert_resultset_length\n    assert(len(resultset.result_set) == length)\n"}, "uuid": "1e3c9431-01bf-49b4-a8fe-4e3109fb494e"}