{"status": "failed", "name": "Mixing directed and undirected pattern parts with self-relationship, simple", "labels": [{"name": "severity", "value": "normal"}, {"name": "tag", "value": "skip"}, {"name": "feature", "value": "MatchingSelfRelationships"}, {"name": "framework", "value": "behave"}, {"name": "language", "value": "cpython2"}], "stop": 1578486083719, "historyId": "88979018db18b4f90489240cb55bb2e0", "start": 1578486083501, "steps": [{"status": "passed", "start": 1578486083503, "stop": 1578486083708, "name": "Given an empty graph"}, {"status": "passed", "start": 1578486083709, "stop": 1578486083713, "name": "And having executed", "attachments": [{"source": "9d7bb82d-5621-4fb4-be45-70183d8c933a-attachment.txt", "type": "text/plain", "name": ".text"}]}, {"status": "passed", "start": 1578486083713, "stop": 1578486083718, "name": "When executing query", "attachments": [{"source": "be9f6308-85da-4b3c-bf09-439ac1db2922-attachment.txt", "type": "text/plain", "name": ".text"}]}, {"status": "failed", "attachments": [{"source": "190bb516-cd0e-4d32-ad3f-c076c8123432-attachment.csv", "type": "text/csv", "name": ".table"}], "stop": 1578486083718, "start": 1578486083718, "statusDetails": {"message": "AssertionError\n", "trace": "  File \"/home/laptop-linux/.local/lib/python2.7/site-packages/behave/model.py\", line 1329, in run\n    match.run(runner.context)\n  File \"/home/laptop-linux/.local/lib/python2.7/site-packages/behave/matchers.py\", line 98, in run\n    self.func(context, *args, **kwargs)\n  File \"features/steps/Steps.py\", line 86, in step_impl\n    assertions.assert_resultset_length(resultset, expected_length)\n  File \"/home/laptop-linux/dev/redis/graph/tests/tck/features/steps/../../utils/assertions.py\", line 195, in assert_resultset_length\n    assert(len(resultset.result_set) == length)\n"}, "name": "Then the result should be"}, {"status": "skipped", "start": 1578486083718, "stop": 1578486083719, "name": "And no side effects"}], "statusDetails": {"message": "AssertionError\n", "trace": "  File \"/home/laptop-linux/.local/lib/python2.7/site-packages/behave/model.py\", line 1329, in run\n    match.run(runner.context)\n  File \"/home/laptop-linux/.local/lib/python2.7/site-packages/behave/matchers.py\", line 98, in run\n    self.func(context, *args, **kwargs)\n  File \"features/steps/Steps.py\", line 86, in step_impl\n    assertions.assert_resultset_length(resultset, expected_length)\n  File \"/home/laptop-linux/dev/redis/graph/tests/tck/features/steps/../../utils/assertions.py\", line 195, in assert_resultset_length\n    assert(len(resultset.result_set) == length)\n"}, "uuid": "177fe954-7e90-4ee2-bc56-5b133cd4a3e8"}