{"status": "failed", "name": "Fail when adding new label predicate on a node that is already bound 3", "labels": [{"name": "severity", "value": "normal"}, {"name": "tag", "value": "skip"}, {"name": "feature", "value": "LabelsAcceptance"}, {"name": "framework", "value": "behave"}, {"name": "language", "value": "cpython2"}], "stop": 1578486033374, "historyId": "6a8210c894345789e5aece088b62f30f", "start": 1578486033159, "steps": [{"status": "passed", "start": 1578486033159, "stop": 1578486033367, "name": "Given an empty graph"}, {"status": "passed", "start": 1578486033368, "stop": 1578486033371, "name": "When executing query", "attachments": [{"source": "dda09c7c-53fe-4f7e-8de7-cd0e294e2b78-attachment.txt", "type": "text/plain", "name": ".text"}]}, {"status": "failed", "start": 1578486033372, "stop": 1578486033373, "name": "Then a SyntaxError should be raised at compile time: VariableAlreadyBound", "statusDetails": {"message": "AssertionError\n", "trace": "  File \"/home/laptop-linux/.local/lib/python2.7/site-packages/behave/model.py\", line 1329, in run\n    match.run(runner.context)\n  File \"/home/laptop-linux/.local/lib/python2.7/site-packages/behave/matchers.py\", line 98, in run\n    self.func(context, *args, **kwargs)\n  File \"features/steps/Steps.py\", line 122, in step_impl\n    assert exception != None\n"}}], "statusDetails": {"message": "AssertionError\n", "trace": "  File \"/home/laptop-linux/.local/lib/python2.7/site-packages/behave/model.py\", line 1329, in run\n    match.run(runner.context)\n  File \"/home/laptop-linux/.local/lib/python2.7/site-packages/behave/matchers.py\", line 98, in run\n    self.func(context, *args, **kwargs)\n  File \"features/steps/Steps.py\", line 122, in step_impl\n    assert exception != None\n"}, "uuid": "c3427121-a4c5-4994-976c-3bb6f6218e28"}