{"status": "failed", "name": "A simple pattern with one bound endpoint", "labels": [{"name": "severity", "value": "normal"}, {"name": "tag", "value": "skip"}, {"name": "feature", "value": "WithAcceptance"}, {"name": "framework", "value": "behave"}, {"name": "language", "value": "cpython2"}], "stop": 1578486186175, "historyId": "5f0c3858fe735238e5d3fe069fa2a80a", "start": 1578486185953, "steps": [{"status": "passed", "start": 1578486185954, "stop": 1578486186165, "name": "Given an empty graph"}, {"status": "passed", "start": 1578486186166, "stop": 1578486186169, "name": "And having executed", "attachments": [{"source": "b2da5107-5fca-48c2-8284-a2b40c62a0f9-attachment.txt", "type": "text/plain", "name": ".text"}]}, {"status": "passed", "start": 1578486186170, "stop": 1578486186174, "name": "When executing query", "attachments": [{"source": "bedd89ba-862f-4f97-b232-6ee7c94da350-attachment.txt", "type": "text/plain", "name": ".text"}]}, {"status": "failed", "attachments": [{"source": "4d892133-fdb4-4290-a1c7-f6b9549f84ff-attachment.csv", "type": "text/csv", "name": ".table"}], "stop": 1578486186175, "start": 1578486186174, "statusDetails": {"message": "AssertionError\n", "trace": "  File \"/home/laptop-linux/.local/lib/python2.7/site-packages/behave/model.py\", line 1329, in run\n    match.run(runner.context)\n  File \"/home/laptop-linux/.local/lib/python2.7/site-packages/behave/matchers.py\", line 98, in run\n    self.func(context, *args, **kwargs)\n  File \"features/steps/Steps.py\", line 86, in step_impl\n    assertions.assert_resultset_length(resultset, expected_length)\n  File \"/home/laptop-linux/dev/redis/graph/tests/tck/features/steps/../../utils/assertions.py\", line 195, in assert_resultset_length\n    assert(len(resultset.result_set) == length)\n"}, "name": "Then the result should be"}, {"status": "skipped", "start": 1578486186175, "stop": 1578486186175, "name": "And no side effects"}], "statusDetails": {"message": "AssertionError\n", "trace": "  File \"/home/laptop-linux/.local/lib/python2.7/site-packages/behave/model.py\", line 1329, in run\n    match.run(runner.context)\n  File \"/home/laptop-linux/.local/lib/python2.7/site-packages/behave/matchers.py\", line 98, in run\n    self.func(context, *args, **kwargs)\n  File \"features/steps/Steps.py\", line 86, in step_impl\n    assertions.assert_resultset_length(resultset, expected_length)\n  File \"/home/laptop-linux/dev/redis/graph/tests/tck/features/steps/../../utils/assertions.py\", line 195, in assert_resultset_length\n    assert(len(resultset.result_set) == length)\n"}, "uuid": "68933381-769a-4380-a066-36727ad3fb22"}