{"status": "failed", "name": "`toBoolean()` on invalid types -- @1.2 ", "parameters": [{"name": "invalid", "value": "{}"}], "labels": [{"name": "severity", "value": "normal"}, {"name": "tag", "value": "skip"}, {"name": "feature", "value": "TypeConversionFunctions"}, {"name": "framework", "value": "behave"}, {"name": "language", "value": "cpython2"}], "stop": 1578486164765, "historyId": "3efd6bbf84e05b82e7bdfe970aa5dac2", "start": 1578486164650, "steps": [{"status": "passed", "start": 1578486164651, "stop": 1578486164760, "name": "Given any graph"}, {"status": "passed", "start": 1578486164760, "stop": 1578486164762, "name": "When executing query", "attachments": [{"source": "ceb32938-0184-4f95-9625-7daa4f7a68da-attachment.txt", "type": "text/plain", "name": ".text"}]}, {"status": "failed", "start": 1578486164763, "stop": 1578486164764, "name": "Then a TypeError should be raised at runtime: InvalidArgumentValue", "statusDetails": {"message": "AssertionError\n", "trace": "  File \"/home/laptop-linux/.local/lib/python2.7/site-packages/behave/model.py\", line 1329, in run\n    match.run(runner.context)\n  File \"/home/laptop-linux/.local/lib/python2.7/site-packages/behave/matchers.py\", line 98, in run\n    self.func(context, *args, **kwargs)\n  File \"features/steps/Steps.py\", line 142, in step_impl\n    assert \"Type mismatch\" in exception.message\n"}}], "statusDetails": {"message": "AssertionError\n", "trace": "  File \"/home/laptop-linux/.local/lib/python2.7/site-packages/behave/model.py\", line 1329, in run\n    match.run(runner.context)\n  File \"/home/laptop-linux/.local/lib/python2.7/site-packages/behave/matchers.py\", line 98, in run\n    self.func(context, *args, **kwargs)\n  File \"features/steps/Steps.py\", line 142, in step_impl\n    assert \"Type mismatch\" in exception.message\n"}, "uuid": "1020bf5f-0b4e-43cf-8b08-bf91364a5001"}