{"status": "failed", "name": "`percentileCont()` failing on bad arguments -- @1.1 ", "parameters": [{"name": "percentile", "value": "1000"}], "labels": [{"name": "severity", "value": "normal"}, {"name": "tag", "value": "skip"}, {"name": "feature", "value": "FunctionsAcceptance"}, {"name": "framework", "value": "behave"}, {"name": "language", "value": "cpython2"}], "stop": 1578486024405, "historyId": "56db264581305168034e920383b38ade", "start": 1578486024179, "steps": [{"status": "passed", "start": 1578486024181, "stop": 1578486024395, "name": "Given an empty graph"}, {"status": "passed", "start": 1578486024395, "stop": 1578486024398, "name": "And having executed", "attachments": [{"source": "69605309-587f-4995-93e2-da76b6dc48fb-attachment.txt", "type": "text/plain", "name": ".text"}]}, {"status": "passed", "start": 1578486024399, "stop": 1578486024399, "name": "And parameters are", "attachments": [{"source": "a2335edd-6e90-46e9-8e7c-15317e8b9a20-attachment.csv", "type": "text/csv", "name": ".table"}]}, {"status": "passed", "start": 1578486024400, "stop": 1578486024402, "name": "When executing query", "attachments": [{"source": "37b229c6-9232-4cda-b20a-d200adade3b5-attachment.txt", "type": "text/plain", "name": ".text"}]}, {"status": "failed", "start": 1578486024403, "stop": 1578486024404, "name": "Then a ArgumentError should be raised at runtime: NumberOutOfRange", "statusDetails": {"message": "AssertionError\n", "trace": "  File \"/home/laptop-linux/.local/lib/python2.7/site-packages/behave/model.py\", line 1329, in run\n    match.run(runner.context)\n  File \"/home/laptop-linux/.local/lib/python2.7/site-packages/behave/matchers.py\", line 98, in run\n    self.func(context, *args, **kwargs)\n  File \"features/steps/Steps.py\", line 106, in step_impl\n    assert exception != None\n"}}], "statusDetails": {"message": "AssertionError\n", "trace": "  File \"/home/laptop-linux/.local/lib/python2.7/site-packages/behave/model.py\", line 1329, in run\n    match.run(runner.context)\n  File \"/home/laptop-linux/.local/lib/python2.7/site-packages/behave/matchers.py\", line 98, in run\n    self.func(context, *args, **kwargs)\n  File \"features/steps/Steps.py\", line 106, in step_impl\n    assert exception != None\n"}, "uuid": "184c92fb-d00e-43e3-828a-c81fff2ad9f3"}