{"status": "failed", "name": "Return all variables", "labels": [{"name": "severity", "value": "normal"}, {"name": "tag", "value": "skip"}, {"name": "feature", "value": "ReturnAcceptance2"}, {"name": "framework", "value": "behave"}, {"name": "language", "value": "cpython2"}], "stop": 1578486131084, "historyId": "a312a3aa4eda23f17c747399093e253a", "start": 1578486130865, "steps": [{"status": "passed", "start": 1578486130865, "stop": 1578486131076, "name": "Given an empty graph"}, {"status": "passed", "start": 1578486131077, "stop": 1578486131078, "name": "And having executed", "attachments": [{"source": "abefecdd-4a68-4c92-8787-f63ed3cc1398-attachment.txt", "type": "text/plain", "name": ".text"}]}, {"status": "passed", "start": 1578486131078, "stop": 1578486131081, "name": "When executing query", "attachments": [{"source": "a7beab5d-123c-42e1-a0ac-450f029943d4-attachment.txt", "type": "text/plain", "name": ".text"}]}, {"status": "failed", "attachments": [{"source": "0419801d-1d03-47dc-9e97-74b64e5c1160-attachment.csv", "type": "text/csv", "name": ".table"}], "stop": 1578486131083, "start": 1578486131082, "statusDetails": {"message": "AssertionError\n", "trace": "  File \"/home/laptop-linux/.local/lib/python2.7/site-packages/behave/model.py\", line 1329, in run\n    match.run(runner.context)\n  File \"/home/laptop-linux/.local/lib/python2.7/site-packages/behave/matchers.py\", line 98, in run\n    self.func(context, *args, **kwargs)\n  File \"features/steps/Steps.py\", line 87, in step_impl\n    assertions.assert_resultsets_equals(resultset, context.table)\n  File \"/home/laptop-linux/dev/redis/graph/tests/tck/features/steps/../../utils/assertions.py\", line 218, in assert_resultsets_equals\n    assert actualCtr == expectedCtr\n"}, "name": "Then the result should be"}, {"status": "skipped", "start": 1578486131084, "stop": 1578486131084, "name": "And no side effects"}], "statusDetails": {"message": "AssertionError\n", "trace": "  File \"/home/laptop-linux/.local/lib/python2.7/site-packages/behave/model.py\", line 1329, in run\n    match.run(runner.context)\n  File \"/home/laptop-linux/.local/lib/python2.7/site-packages/behave/matchers.py\", line 98, in run\n    self.func(context, *args, **kwargs)\n  File \"features/steps/Steps.py\", line 87, in step_impl\n    assertions.assert_resultsets_equals(resultset, context.table)\n  File \"/home/laptop-linux/dev/redis/graph/tests/tck/features/steps/../../utils/assertions.py\", line 218, in assert_resultsets_equals\n    assert actualCtr == expectedCtr\n"}, "uuid": "7ecbd6e8-6dea-4f27-a5c3-a1555314243b"}