{"status": "failed", "name": "Matching with LIMIT and predicates, then matching again using a relationship and node that are both already bound along with a duplicate predicate", "labels": [{"name": "severity", "value": "normal"}, {"name": "tag", "value": "skip"}, {"name": "feature", "value": "MatchAcceptance2"}, {"name": "framework", "value": "behave"}, {"name": "language", "value": "cpython2"}], "stop": 1578486071979, "historyId": "ef347189d54e5fed8affa0193fdd236a", "start": 1578486071759, "steps": [{"status": "passed", "start": 1578486071761, "stop": 1578486071969, "name": "Given an empty graph"}, {"status": "passed", "start": 1578486071970, "stop": 1578486071973, "name": "And having executed", "attachments": [{"source": "d910924f-2ac6-40a8-aab4-ef319a72da92-attachment.txt", "type": "text/plain", "name": ".text"}]}, {"status": "passed", "start": 1578486071973, "stop": 1578486071976, "name": "When executing query", "attachments": [{"source": "bafcb24b-0c02-4fc1-bc50-3a0c84d51537-attachment.txt", "type": "text/plain", "name": ".text"}]}, {"status": "failed", "attachments": [{"source": "cbd0cda3-6f00-4d01-8cad-466f819da9d3-attachment.csv", "type": "text/csv", "name": ".table"}], "stop": 1578486071978, "start": 1578486071977, "statusDetails": {"message": "AssertionError\n", "trace": "  File \"/home/laptop-linux/.local/lib/python2.7/site-packages/behave/model.py\", line 1329, in run\n    match.run(runner.context)\n  File \"/home/laptop-linux/.local/lib/python2.7/site-packages/behave/matchers.py\", line 98, in run\n    self.func(context, *args, **kwargs)\n  File \"features/steps/Steps.py\", line 86, in step_impl\n    assertions.assert_resultset_length(resultset, expected_length)\n  File \"/home/laptop-linux/dev/redis/graph/tests/tck/features/steps/../../utils/assertions.py\", line 195, in assert_resultset_length\n    assert(len(resultset.result_set) == length)\n"}, "name": "Then the result should be"}, {"status": "skipped", "start": 1578486071979, "stop": 1578486071979, "name": "And no side effects"}], "statusDetails": {"message": "AssertionError\n", "trace": "  File \"/home/laptop-linux/.local/lib/python2.7/site-packages/behave/model.py\", line 1329, in run\n    match.run(runner.context)\n  File \"/home/laptop-linux/.local/lib/python2.7/site-packages/behave/matchers.py\", line 98, in run\n    self.func(context, *args, **kwargs)\n  File \"features/steps/Steps.py\", line 86, in step_impl\n    assertions.assert_resultset_length(resultset, expected_length)\n  File \"/home/laptop-linux/dev/redis/graph/tests/tck/features/steps/../../utils/assertions.py\", line 195, in assert_resultset_length\n    assert(len(resultset.result_set) == length)\n"}, "uuid": "3b2d8261-dbd4-4350-9967-1625646d30f0"}