{"status": "failed", "name": "Failing when performing property access on a non-map 1", "labels": [{"name": "severity", "value": "normal"}, {"name": "tag", "value": "skip"}, {"name": "feature", "value": "SemanticErrorAcceptance"}, {"name": "framework", "value": "behave"}, {"name": "language", "value": "cpython2"}], "stop": 1578486141119, "historyId": "1ecc1ac127be67e1a9395481ed3a6759", "start": 1578486140903, "steps": [{"status": "passed", "start": 1578486140905, "stop": 1578486141113, "name": "Given any graph"}, {"status": "passed", "start": 1578486141114, "stop": 1578486141117, "name": "When executing query", "attachments": [{"source": "d2e605d4-e3c7-4dac-8855-dcf60672d615-attachment.txt", "type": "text/plain", "name": ".text"}]}, {"status": "failed", "start": 1578486141117, "stop": 1578486141119, "name": "Then a TypeError should be raised at runtime: PropertyAccessOnNonMap", "statusDetails": {"message": "AssertionError\n", "trace": "  File \"/home/laptop-linux/.local/lib/python2.7/site-packages/behave/model.py\", line 1329, in run\n    match.run(runner.context)\n  File \"/home/laptop-linux/.local/lib/python2.7/site-packages/behave/matchers.py\", line 98, in run\n    self.func(context, *args, **kwargs)\n  File \"features/steps/Steps.py\", line 101, in step_impl\n    assert \"expected a map\" in exception.message\n"}}], "statusDetails": {"message": "AssertionError\n", "trace": "  File \"/home/laptop-linux/.local/lib/python2.7/site-packages/behave/model.py\", line 1329, in run\n    match.run(runner.context)\n  File \"/home/laptop-linux/.local/lib/python2.7/site-packages/behave/matchers.py\", line 98, in run\n    self.func(context, *args, **kwargs)\n  File \"features/steps/Steps.py\", line 101, in step_impl\n    assert \"expected a map\" in exception.message\n"}, "uuid": "c6bda73a-27cd-4e9f-b3c4-e895ff7d7709"}