{"status": "failed", "name": "Equality and inequality of NaN -- @1.3 ", "parameters": [{"name": "lhs", "value": "0.0 / 0.0"}, {"name": "rhs", "value": "0.0 / 0.0"}], "labels": [{"name": "severity", "value": "normal"}, {"name": "tag", "value": "skip"}, {"name": "feature", "value": "EqualsAcceptance"}, {"name": "framework", "value": "behave"}, {"name": "language", "value": "cpython2"}], "stop": 1578486016638, "historyId": "757ec8b02368b1a9ed957d04d3e66b93", "start": 1578486016413, "steps": [{"status": "passed", "start": 1578486016415, "stop": 1578486016630, "name": "Given any graph"}, {"status": "passed", "start": 1578486016631, "stop": 1578486016634, "name": "When executing query", "attachments": [{"source": "f190179c-eca2-4fd5-94c1-0d3c75af21dc-attachment.txt", "type": "text/plain", "name": ".text"}]}, {"status": "failed", "attachments": [{"source": "d9e6359f-ea38-4abe-af04-8b5cf06bfe9a-attachment.csv", "type": "text/csv", "name": ".table"}], "stop": 1578486016637, "start": 1578486016634, "statusDetails": {"message": "AssertionError\n", "trace": "  File \"/home/laptop-linux/.local/lib/python2.7/site-packages/behave/model.py\", line 1329, in run\n    match.run(runner.context)\n  File \"/home/laptop-linux/.local/lib/python2.7/site-packages/behave/matchers.py\", line 98, in run\n    self.func(context, *args, **kwargs)\n  File \"features/steps/Steps.py\", line 87, in step_impl\n    assertions.assert_resultsets_equals(resultset, context.table)\n  File \"/home/laptop-linux/dev/redis/graph/tests/tck/features/steps/../../utils/assertions.py\", line 218, in assert_resultsets_equals\n    assert actualCtr == expectedCtr\n"}, "name": "Then the result should be"}, {"status": "skipped", "start": 1578486016637, "stop": 1578486016638, "name": "And no side effects"}], "statusDetails": {"message": "AssertionError\n", "trace": "  File \"/home/laptop-linux/.local/lib/python2.7/site-packages/behave/model.py\", line 1329, in run\n    match.run(runner.context)\n  File \"/home/laptop-linux/.local/lib/python2.7/site-packages/behave/matchers.py\", line 98, in run\n    self.func(context, *args, **kwargs)\n  File \"features/steps/Steps.py\", line 87, in step_impl\n    assertions.assert_resultsets_equals(resultset, context.table)\n  File \"/home/laptop-linux/dev/redis/graph/tests/tck/features/steps/../../utils/assertions.py\", line 218, in assert_resultsets_equals\n    assert actualCtr == expectedCtr\n"}, "uuid": "3a0ea1f9-31b7-4415-a7bf-a6b9f1289a6e"}