{"status": "failed", "name": "Detach deleting connected nodes and relationships", "labels": [{"name": "severity", "value": "normal"}, {"name": "tag", "value": "skip"}, {"name": "feature", "value": "DeleteAcceptance"}, {"name": "framework", "value": "behave"}, {"name": "language", "value": "cpython2"}], "stop": 1578486010505, "historyId": "25c338db2edebd9076882feaf3ea4a18", "start": 1578486010275, "steps": [{"status": "passed", "start": 1578486010277, "stop": 1578486010494, "name": "Given an empty graph"}, {"status": "passed", "start": 1578486010494, "stop": 1578486010498, "name": "And having executed", "attachments": [{"source": "7d950651-6bd2-43de-9f76-a63a01531c58-attachment.txt", "type": "text/plain", "name": ".text"}]}, {"status": "passed", "start": 1578486010498, "stop": 1578486010501, "name": "When executing query", "attachments": [{"source": "cda8ff27-344c-4ef8-be54-c9f25b110dba-attachment.txt", "type": "text/plain", "name": ".text"}]}, {"status": "passed", "start": 1578486010501, "stop": 1578486010502, "name": "Then the result should be empty"}, {"status": "failed", "attachments": [{"source": "69bdc079-34c9-4c5f-b0d1-dac9c3781956-attachment.csv", "type": "text/csv", "name": ".table"}], "stop": 1578486010504, "start": 1578486010502, "statusDetails": {"message": "AssertionError\n", "trace": "  File \"/home/laptop-linux/.local/lib/python2.7/site-packages/behave/model.py\", line 1329, in run\n    match.run(runner.context)\n  File \"/home/laptop-linux/.local/lib/python2.7/site-packages/behave/matchers.py\", line 98, in run\n    self.func(context, *args, **kwargs)\n  File \"features/steps/Steps.py\", line 75, in step_impl\n    assertions.assert_statistics(resultset, stat, value)\n  File \"/home/laptop-linux/dev/redis/graph/tests/tck/features/steps/../../utils/assertions.py\", line 183, in assert_statistics\n    assert(False)\n"}, "name": "And the side effects should be"}], "statusDetails": {"message": "AssertionError\n", "trace": "  File \"/home/laptop-linux/.local/lib/python2.7/site-packages/behave/model.py\", line 1329, in run\n    match.run(runner.context)\n  File \"/home/laptop-linux/.local/lib/python2.7/site-packages/behave/matchers.py\", line 98, in run\n    self.func(context, *args, **kwargs)\n  File \"features/steps/Steps.py\", line 75, in step_impl\n    assertions.assert_statistics(resultset, stat, value)\n  File \"/home/laptop-linux/dev/redis/graph/tests/tck/features/steps/../../utils/assertions.py\", line 183, in assert_statistics\n    assert(False)\n"}, "uuid": "df3dc5ed-3410-445c-9416-5b53111f418f"}