{"status": "failed", "name": "UNWIND with multiple merges", "labels": [{"name": "severity", "value": "normal"}, {"name": "tag", "value": "skip"}, {"name": "feature", "value": "MergeRelationshipAcceptance"}, {"name": "framework", "value": "behave"}, {"name": "language", "value": "cpython2"}], "stop": 1578486096259, "historyId": "aeb331537ff721172b2514aff2d8c8a7", "start": 1578486096039, "steps": [{"status": "passed", "start": 1578486096041, "stop": 1578486096255, "name": "Given an empty graph"}, {"status": "passed", "start": 1578486096256, "stop": 1578486096258, "name": "When executing query", "attachments": [{"source": "e47cf95c-bbcd-41d7-a613-6aca05c6c42a-attachment.txt", "type": "text/plain", "name": ".text"}]}, {"status": "passed", "start": 1578486096258, "stop": 1578486096258, "name": "Then the result should be empty"}, {"status": "failed", "attachments": [{"source": "d2e3fdac-6941-455f-8001-6348ff6f6e2f-attachment.csv", "type": "text/csv", "name": ".table"}], "stop": 1578486096259, "start": 1578486096258, "statusDetails": {"message": "AssertionError\n", "trace": "  File \"/home/laptop-linux/.local/lib/python2.7/site-packages/behave/model.py\", line 1329, in run\n    match.run(runner.context)\n  File \"/home/laptop-linux/.local/lib/python2.7/site-packages/behave/matchers.py\", line 98, in run\n    self.func(context, *args, **kwargs)\n  File \"features/steps/Steps.py\", line 70, in step_impl\n    assertions.assert_statistics(resultset, stat, value)\n  File \"/home/laptop-linux/dev/redis/graph/tests/tck/features/steps/../../utils/assertions.py\", line 173, in assert_statistics\n    assert(resultset.nodes_created == value)\n"}, "name": "And the side effects should be"}], "statusDetails": {"message": "AssertionError\n", "trace": "  File \"/home/laptop-linux/.local/lib/python2.7/site-packages/behave/model.py\", line 1329, in run\n    match.run(runner.context)\n  File \"/home/laptop-linux/.local/lib/python2.7/site-packages/behave/matchers.py\", line 98, in run\n    self.func(context, *args, **kwargs)\n  File \"features/steps/Steps.py\", line 70, in step_impl\n    assertions.assert_statistics(resultset, stat, value)\n  File \"/home/laptop-linux/dev/redis/graph/tests/tck/features/steps/../../utils/assertions.py\", line 173, in assert_statistics\n    assert(resultset.nodes_created == value)\n"}, "uuid": "2335be55-8c87-4c74-982a-32405bba8ebc"}