{"status": "failed", "name": "Respecting direction when matching non-existent path with multiple directions", "labels": [{"name": "severity", "value": "normal"}, {"name": "tag", "value": "skip"}, {"name": "feature", "value": "MatchAcceptance2"}, {"name": "framework", "value": "behave"}, {"name": "language", "value": "cpython2"}], "stop": 1578486079047, "historyId": "029f0abc60b60f85d6a060c0f1843349", "start": 1578486078842, "steps": [{"status": "passed", "start": 1578486078844, "stop": 1578486079040, "name": "Given an empty graph"}, {"status": "passed", "start": 1578486079040, "stop": 1578486079042, "name": "And having executed", "attachments": [{"source": "772d070e-fc62-493b-bd11-e47ed217af6d-attachment.txt", "type": "text/plain", "name": ".text"}]}, {"status": "passed", "start": 1578486079042, "stop": 1578486079045, "name": "When executing query", "attachments": [{"source": "fc50a86a-2244-4a2c-9559-9143cda52341-attachment.txt", "type": "text/plain", "name": ".text"}]}, {"status": "failed", "attachments": [{"source": "3dbf6a9b-a970-48f7-b23d-e9d56da6d33a-attachment.csv", "type": "text/csv", "name": ".table"}], "stop": 1578486079046, "start": 1578486079046, "statusDetails": {"message": "AssertionError\n", "trace": "  File \"/home/laptop-linux/.local/lib/python2.7/site-packages/behave/model.py\", line 1329, in run\n    match.run(runner.context)\n  File \"/home/laptop-linux/.local/lib/python2.7/site-packages/behave/matchers.py\", line 98, in run\n    self.func(context, *args, **kwargs)\n  File \"features/steps/Steps.py\", line 86, in step_impl\n    assertions.assert_resultset_length(resultset, expected_length)\n  File \"/home/laptop-linux/dev/redis/graph/tests/tck/features/steps/../../utils/assertions.py\", line 195, in assert_resultset_length\n    assert(len(resultset.result_set) == length)\n"}, "name": "Then the result should be"}, {"status": "skipped", "start": 1578486079047, "stop": 1578486079047, "name": "And no side effects"}], "statusDetails": {"message": "AssertionError\n", "trace": "  File \"/home/laptop-linux/.local/lib/python2.7/site-packages/behave/model.py\", line 1329, in run\n    match.run(runner.context)\n  File \"/home/laptop-linux/.local/lib/python2.7/site-packages/behave/matchers.py\", line 98, in run\n    self.func(context, *args, **kwargs)\n  File \"features/steps/Steps.py\", line 86, in step_impl\n    assertions.assert_resultset_length(resultset, expected_length)\n  File \"/home/laptop-linux/dev/redis/graph/tests/tck/features/steps/../../utils/assertions.py\", line 195, in assert_resultset_length\n    assert(len(resultset.result_set) == length)\n"}, "uuid": "f9365e15-10f1-450f-b340-af88362dd102"}