{"status": "failed", "name": "Failing when using MATCH after OPTIONAL MATCH", "labels": [{"name": "severity", "value": "normal"}, {"name": "tag", "value": "skip"}, {"name": "feature", "value": "SemanticErrorAcceptance"}, {"name": "framework", "value": "behave"}, {"name": "language", "value": "cpython2"}], "stop": 1578486140480, "historyId": "c80569b4e5d86f307ee6566047c39f07", "start": 1578486140267, "steps": [{"status": "passed", "start": 1578486140269, "stop": 1578486140474, "name": "Given any graph"}, {"status": "passed", "start": 1578486140475, "stop": 1578486140478, "name": "When executing query", "attachments": [{"source": "b4dc566c-de70-4782-a527-e8727c3d0d03-attachment.txt", "type": "text/plain", "name": ".text"}]}, {"status": "failed", "start": 1578486140478, "stop": 1578486140479, "name": "Then a SyntaxError should be raised at compile time: InvalidClauseComposition", "statusDetails": {"message": "AssertionError\n", "trace": "  File \"/home/laptop-linux/.local/lib/python2.7/site-packages/behave/model.py\", line 1329, in run\n    match.run(runner.context)\n  File \"/home/laptop-linux/.local/lib/python2.7/site-packages/behave/matchers.py\", line 98, in run\n    self.func(context, *args, **kwargs)\n  File \"features/steps/Steps.py\", line 154, in step_impl\n    assert \"Invalid combination\" in exception.message\n"}}], "statusDetails": {"message": "AssertionError\n", "trace": "  File \"/home/laptop-linux/.local/lib/python2.7/site-packages/behave/model.py\", line 1329, in run\n    match.run(runner.context)\n  File \"/home/laptop-linux/.local/lib/python2.7/site-packages/behave/matchers.py\", line 98, in run\n    self.func(context, *args, **kwargs)\n  File \"features/steps/Steps.py\", line 154, in step_impl\n    assert \"Invalid combination\" in exception.message\n"}, "uuid": "8e166ced-d1ae-4fb9-a483-253a25a2b74e"}