{"status": "failed", "name": "Equality and inequality of NaN -- @1.2 ", "parameters": [{"name": "lhs", "value": "0.0 / 0.0"}, {"name": "rhs", "value": "1.0"}], "labels": [{"name": "severity", "value": "normal"}, {"name": "tag", "value": "skip"}, {"name": "feature", "value": "EqualsAcceptance"}, {"name": "framework", "value": "behave"}, {"name": "language", "value": "cpython2"}], "stop": 1578486016411, "historyId": "7ac2fd6808b30dc64426f3a189a72cc0", "start": 1578486016185, "steps": [{"status": "passed", "start": 1578486016187, "stop": 1578486016403, "name": "Given any graph"}, {"status": "passed", "start": 1578486016404, "stop": 1578486016407, "name": "When executing query", "attachments": [{"source": "4a83e5ee-afeb-4814-9203-b294139dfbbe-attachment.txt", "type": "text/plain", "name": ".text"}]}, {"status": "failed", "attachments": [{"source": "940586c0-22e7-49b9-bb55-ced8cc54bca9-attachment.csv", "type": "text/csv", "name": ".table"}], "stop": 1578486016410, "start": 1578486016407, "statusDetails": {"message": "AssertionError\n", "trace": "  File \"/home/laptop-linux/.local/lib/python2.7/site-packages/behave/model.py\", line 1329, in run\n    match.run(runner.context)\n  File \"/home/laptop-linux/.local/lib/python2.7/site-packages/behave/matchers.py\", line 98, in run\n    self.func(context, *args, **kwargs)\n  File \"features/steps/Steps.py\", line 87, in step_impl\n    assertions.assert_resultsets_equals(resultset, context.table)\n  File \"/home/laptop-linux/dev/redis/graph/tests/tck/features/steps/../../utils/assertions.py\", line 218, in assert_resultsets_equals\n    assert actualCtr == expectedCtr\n"}, "name": "Then the result should be"}, {"status": "skipped", "start": 1578486016411, "stop": 1578486016411, "name": "And no side effects"}], "statusDetails": {"message": "AssertionError\n", "trace": "  File \"/home/laptop-linux/.local/lib/python2.7/site-packages/behave/model.py\", line 1329, in run\n    match.run(runner.context)\n  File \"/home/laptop-linux/.local/lib/python2.7/site-packages/behave/matchers.py\", line 98, in run\n    self.func(context, *args, **kwargs)\n  File \"features/steps/Steps.py\", line 87, in step_impl\n    assertions.assert_resultsets_equals(resultset, context.table)\n  File \"/home/laptop-linux/dev/redis/graph/tests/tck/features/steps/../../utils/assertions.py\", line 218, in assert_resultsets_equals\n    assert actualCtr == expectedCtr\n"}, "uuid": "1a65169f-2085-4217-aadb-de4cf9c460d3"}