{"status": "failed", "name": "`toBoolean()` on invalid types -- @1.1 ", "parameters": [{"name": "invalid", "value": "[]"}], "labels": [{"name": "severity", "value": "normal"}, {"name": "tag", "value": "skip"}, {"name": "feature", "value": "TypeConversionFunctions"}, {"name": "framework", "value": "behave"}, {"name": "language", "value": "cpython2"}], "stop": 1578486164650, "historyId": "f7a1f15d40e21f66445cfb6dea953ca0", "start": 1578486164539, "steps": [{"status": "passed", "start": 1578486164539, "stop": 1578486164648, "name": "Given any graph"}, {"status": "passed", "start": 1578486164649, "stop": 1578486164649, "name": "When executing query", "attachments": [{"source": "acd657aa-9529-4316-9f42-50b18ac12e8b-attachment.txt", "type": "text/plain", "name": ".text"}]}, {"status": "failed", "start": 1578486164649, "stop": 1578486164650, "name": "Then a TypeError should be raised at runtime: InvalidArgumentValue", "statusDetails": {"message": "AssertionError\n", "trace": "  File \"/home/laptop-linux/.local/lib/python2.7/site-packages/behave/model.py\", line 1329, in run\n    match.run(runner.context)\n  File \"/home/laptop-linux/.local/lib/python2.7/site-packages/behave/matchers.py\", line 98, in run\n    self.func(context, *args, **kwargs)\n  File \"features/steps/Steps.py\", line 142, in step_impl\n    assert \"Type mismatch\" in exception.message\n"}}], "statusDetails": {"message": "AssertionError\n", "trace": "  File \"/home/laptop-linux/.local/lib/python2.7/site-packages/behave/model.py\", line 1329, in run\n    match.run(runner.context)\n  File \"/home/laptop-linux/.local/lib/python2.7/site-packages/behave/matchers.py\", line 98, in run\n    self.func(context, *args, **kwargs)\n  File \"features/steps/Steps.py\", line 142, in step_impl\n    assert \"Type mismatch\" in exception.message\n"}, "uuid": "cf83362e-1e5e-47b1-920f-bf8bc4d23aab"}