{"status": "failed", "name": "Creating a node with null properties should not return those properties", "labels": [{"name": "severity", "value": "normal"}, {"name": "tag", "value": "skip"}, {"name": "feature", "value": "CreateAcceptance"}, {"name": "framework", "value": "behave"}, {"name": "language", "value": "cpython2"}], "stop": 1578486004408, "historyId": "c5f1cb54a6d8b88742380b7389f07791", "start": 1578486004193, "steps": [{"status": "passed", "start": 1578486004195, "stop": 1578486004400, "name": "Given any graph"}, {"status": "passed", "start": 1578486004401, "stop": 1578486004404, "name": "When executing query", "attachments": [{"source": "4b55aefe-ef8c-4946-b870-363fd0108146-attachment.txt", "type": "text/plain", "name": ".text"}]}, {"status": "passed", "start": 1578486004404, "stop": 1578486004405, "name": "Then the result should be", "attachments": [{"source": "516e989f-1892-45ce-95cc-8a5ee6245fc2-attachment.csv", "type": "text/csv", "name": ".table"}]}, {"status": "failed", "attachments": [{"source": "3afbb4f9-260d-4392-8465-5ace748a4788-attachment.csv", "type": "text/csv", "name": ".table"}], "stop": 1578486004407, "start": 1578486004406, "statusDetails": {"message": "AssertionError\n", "trace": "  File \"/home/laptop-linux/.local/lib/python2.7/site-packages/behave/model.py\", line 1329, in run\n    match.run(runner.context)\n  File \"/home/laptop-linux/.local/lib/python2.7/site-packages/behave/matchers.py\", line 98, in run\n    self.func(context, *args, **kwargs)\n  File \"features/steps/Steps.py\", line 75, in step_impl\n    assertions.assert_statistics(resultset, stat, value)\n  File \"/home/laptop-linux/dev/redis/graph/tests/tck/features/steps/../../utils/assertions.py\", line 179, in assert_statistics\n    assert(resultset.properties_set == value)\n"}, "name": "And the side effects should be"}], "statusDetails": {"message": "AssertionError\n", "trace": "  File \"/home/laptop-linux/.local/lib/python2.7/site-packages/behave/model.py\", line 1329, in run\n    match.run(runner.context)\n  File \"/home/laptop-linux/.local/lib/python2.7/site-packages/behave/matchers.py\", line 98, in run\n    self.func(context, *args, **kwargs)\n  File \"features/steps/Steps.py\", line 75, in step_impl\n    assertions.assert_statistics(resultset, stat, value)\n  File \"/home/laptop-linux/dev/redis/graph/tests/tck/features/steps/../../utils/assertions.py\", line 179, in assert_statistics\n    assert(resultset.properties_set == value)\n"}, "uuid": "cbfac6a7-b92b-4e85-8aad-ef6e2df986f5"}