{"status": "failed", "name": "Concatenate elements onto a list property", "labels": [{"name": "severity", "value": "normal"}, {"name": "tag", "value": "skip"}, {"name": "feature", "value": "SetAcceptance"}, {"name": "framework", "value": "behave"}, {"name": "language", "value": "cpython2"}], "stop": 1578486146302, "historyId": "4c3b94362d27bf009f5f39369b04fe66", "start": 1578486146089, "steps": [{"status": "passed", "start": 1578486146091, "stop": 1578486146293, "name": "Given any graph"}, {"status": "passed", "start": 1578486146294, "stop": 1578486146297, "name": "When executing query", "attachments": [{"source": "29e10bfd-c877-44c9-aed0-d5dcbd5477b9-attachment.txt", "type": "text/plain", "name": ".text"}]}, {"status": "passed", "start": 1578486146298, "stop": 1578486146299, "name": "Then the result should be", "attachments": [{"source": "0e7c5b77-e3ae-4659-8298-ced29781c34d-attachment.csv", "type": "text/csv", "name": ".table"}]}, {"status": "failed", "attachments": [{"source": "0291c75e-cac6-4a5f-811c-bacfe1d81445-attachment.csv", "type": "text/csv", "name": ".table"}], "stop": 1578486146301, "start": 1578486146299, "statusDetails": {"message": "AssertionError\n", "trace": "  File \"/home/laptop-linux/.local/lib/python2.7/site-packages/behave/model.py\", line 1329, in run\n    match.run(runner.context)\n  File \"/home/laptop-linux/.local/lib/python2.7/site-packages/behave/matchers.py\", line 98, in run\n    self.func(context, *args, **kwargs)\n  File \"features/steps/Steps.py\", line 75, in step_impl\n    assertions.assert_statistics(resultset, stat, value)\n  File \"/home/laptop-linux/dev/redis/graph/tests/tck/features/steps/../../utils/assertions.py\", line 179, in assert_statistics\n    assert(resultset.properties_set == value)\n"}, "name": "And the side effects should be"}], "statusDetails": {"message": "AssertionError\n", "trace": "  File \"/home/laptop-linux/.local/lib/python2.7/site-packages/behave/model.py\", line 1329, in run\n    match.run(runner.context)\n  File \"/home/laptop-linux/.local/lib/python2.7/site-packages/behave/matchers.py\", line 98, in run\n    self.func(context, *args, **kwargs)\n  File \"features/steps/Steps.py\", line 75, in step_impl\n    assertions.assert_statistics(resultset, stat, value)\n  File \"/home/laptop-linux/dev/redis/graph/tests/tck/features/steps/../../utils/assertions.py\", line 179, in assert_statistics\n    assert(resultset.properties_set == value)\n"}, "uuid": "bd0f2165-e911-4a7f-869e-a5e4b2144e73"}