{"status": "failed", "name": "Failing when using IN on a float literal", "labels": [{"name": "severity", "value": "normal"}, {"name": "tag", "value": "skip"}, {"name": "feature", "value": "SemanticErrorAcceptance"}, {"name": "framework", "value": "behave"}, {"name": "language", "value": "cpython2"}], "stop": 1578486136564, "historyId": "eb15a4d523f8af9b96553d890c34c84e", "start": 1578486136351, "steps": [{"status": "passed", "start": 1578486136353, "stop": 1578486136559, "name": "Given any graph"}, {"status": "passed", "start": 1578486136560, "stop": 1578486136562, "name": "When executing query", "attachments": [{"source": "fb7a9214-7e17-4064-b592-dcca28fdfbc6-attachment.txt", "type": "text/plain", "name": ".text"}]}, {"status": "failed", "start": 1578486136563, "stop": 1578486136564, "name": "Then a SyntaxError should be raised at compile time: InvalidArgumentType", "statusDetails": {"message": "AssertionError\n", "trace": "  File \"/home/laptop-linux/.local/lib/python2.7/site-packages/behave/model.py\", line 1329, in run\n    match.run(runner.context)\n  File \"/home/laptop-linux/.local/lib/python2.7/site-packages/behave/matchers.py\", line 98, in run\n    self.func(context, *args, **kwargs)\n  File \"features/steps/Steps.py\", line 134, in step_impl\n    assert exception != None\n"}}], "statusDetails": {"message": "AssertionError\n", "trace": "  File \"/home/laptop-linux/.local/lib/python2.7/site-packages/behave/model.py\", line 1329, in run\n    match.run(runner.context)\n  File \"/home/laptop-linux/.local/lib/python2.7/site-packages/behave/matchers.py\", line 98, in run\n    self.func(context, *args, **kwargs)\n  File \"features/steps/Steps.py\", line 134, in step_impl\n    assert exception != None\n"}, "uuid": "8c391193-aee2-4ed8-b4ce-b0e929df8040"}