{"status": "failed", "name": "`percentileDisc()` failing on bad arguments -- @1.2 ", "parameters": [{"name": "percentile", "value": "-1"}], "labels": [{"name": "severity", "value": "normal"}, {"name": "tag", "value": "skip"}, {"name": "feature", "value": "FunctionsAcceptance"}, {"name": "framework", "value": "behave"}, {"name": "language", "value": "cpython2"}], "stop": 1578486025306, "historyId": "4e0698b368208a5764dcf0714c5a32ca", "start": 1578486025082, "steps": [{"status": "passed", "start": 1578486025084, "stop": 1578486025297, "name": "Given an empty graph"}, {"status": "passed", "start": 1578486025297, "stop": 1578486025300, "name": "And having executed", "attachments": [{"source": "ca1d8fef-457e-4401-a12f-83bb15f5e2ad-attachment.txt", "type": "text/plain", "name": ".text"}]}, {"status": "passed", "start": 1578486025301, "stop": 1578486025301, "name": "And parameters are", "attachments": [{"source": "aff2bae3-f333-448c-b048-06bee6ed29ea-attachment.csv", "type": "text/csv", "name": ".table"}]}, {"status": "passed", "start": 1578486025302, "stop": 1578486025304, "name": "When executing query", "attachments": [{"source": "d1a81d1c-4e9d-4ff9-8230-bf420b415386-attachment.txt", "type": "text/plain", "name": ".text"}]}, {"status": "failed", "start": 1578486025304, "stop": 1578486025306, "name": "Then a ArgumentError should be raised at runtime: NumberOutOfRange", "statusDetails": {"message": "AssertionError\n", "trace": "  File \"/home/laptop-linux/.local/lib/python2.7/site-packages/behave/model.py\", line 1329, in run\n    match.run(runner.context)\n  File \"/home/laptop-linux/.local/lib/python2.7/site-packages/behave/matchers.py\", line 98, in run\n    self.func(context, *args, **kwargs)\n  File \"features/steps/Steps.py\", line 107, in step_impl\n    assert \"ArgumentError\" in exception.message\n"}}], "statusDetails": {"message": "AssertionError\n", "trace": "  File \"/home/laptop-linux/.local/lib/python2.7/site-packages/behave/model.py\", line 1329, in run\n    match.run(runner.context)\n  File \"/home/laptop-linux/.local/lib/python2.7/site-packages/behave/matchers.py\", line 98, in run\n    self.func(context, *args, **kwargs)\n  File \"features/steps/Steps.py\", line 107, in step_impl\n    assert \"ArgumentError\" in exception.message\n"}, "uuid": "eda014f4-7686-4f31-8e20-c435fee23a1c"}