{"status": "failed", "name": "Create and delete in same query", "labels": [{"name": "severity", "value": "normal"}, {"name": "tag", "value": "skip"}, {"name": "feature", "value": "DeleteAcceptance"}, {"name": "framework", "value": "behave"}, {"name": "language", "value": "cpython2"}], "stop": 1578486011376, "historyId": "3f1c1de3f5252074b551b887e28398a5", "start": 1578486011166, "steps": [{"status": "passed", "start": 1578486011168, "stop": 1578486011366, "name": "Given an empty graph"}, {"status": "passed", "start": 1578486011367, "stop": 1578486011370, "name": "And having executed", "attachments": [{"source": "9ac38a3d-40b8-4557-b4cc-e6fad2ce23f8-attachment.txt", "type": "text/plain", "name": ".text"}]}, {"status": "passed", "start": 1578486011370, "stop": 1578486011373, "name": "When executing query", "attachments": [{"source": "26726980-c92b-483f-bb43-082137bf94f9-attachment.txt", "type": "text/plain", "name": ".text"}]}, {"status": "passed", "start": 1578486011373, "stop": 1578486011374, "name": "Then the result should be empty"}, {"status": "failed", "start": 1578486011374, "stop": 1578486011375, "name": "And no side effects", "statusDetails": {"message": "AssertionError\n", "trace": "  File \"/home/laptop-linux/.local/lib/python2.7/site-packages/behave/model.py\", line 1329, in run\n    match.run(runner.context)\n  File \"/home/laptop-linux/.local/lib/python2.7/site-packages/behave/matchers.py\", line 98, in run\n    self.func(context, *args, **kwargs)\n  File \"features/steps/Steps.py\", line 79, in step_impl\n    assertions.assert_no_modifications(resultset)\n  File \"/home/laptop-linux/dev/redis/graph/tests/tck/features/steps/../../utils/assertions.py\", line 191, in assert_no_modifications\n    resultset.relationships_deleted]) == 0)\n"}}], "statusDetails": {"message": "AssertionError\n", "trace": "  File \"/home/laptop-linux/.local/lib/python2.7/site-packages/behave/model.py\", line 1329, in run\n    match.run(runner.context)\n  File \"/home/laptop-linux/.local/lib/python2.7/site-packages/behave/matchers.py\", line 98, in run\n    self.func(context, *args, **kwargs)\n  File \"features/steps/Steps.py\", line 79, in step_impl\n    assertions.assert_no_modifications(resultset)\n  File \"/home/laptop-linux/dev/redis/graph/tests/tck/features/steps/../../utils/assertions.py\", line 191, in assert_no_modifications\n    resultset.relationships_deleted]) == 0)\n"}, "uuid": "0d13979f-796c-4183-a39e-44cccd5509b2"}