{"status": "failed", "name": "Failing when deleting an integer expression", "labels": [{"name": "severity", "value": "normal"}, {"name": "tag", "value": "skip"}, {"name": "feature", "value": "SemanticErrorAcceptance"}, {"name": "framework", "value": "behave"}, {"name": "language", "value": "cpython2"}], "stop": 1578486139156, "historyId": "6ed447972365a3b43d2b94b983bee3b4", "start": 1578486139035, "steps": [{"status": "passed", "start": 1578486139037, "stop": 1578486139153, "name": "Given any graph"}, {"status": "passed", "start": 1578486139153, "stop": 1578486139155, "name": "When executing query", "attachments": [{"source": "c933d0e2-afe2-4d5d-817d-b627736e09a0-attachment.txt", "type": "text/plain", "name": ".text"}]}, {"status": "failed", "start": 1578486139155, "stop": 1578486139156, "name": "Then a SyntaxError should be raised at compile time: InvalidArgumentType", "statusDetails": {"message": "AssertionError\n", "trace": "  File \"/home/laptop-linux/.local/lib/python2.7/site-packages/behave/model.py\", line 1329, in run\n    match.run(runner.context)\n  File \"/home/laptop-linux/.local/lib/python2.7/site-packages/behave/matchers.py\", line 98, in run\n    self.func(context, *args, **kwargs)\n  File \"features/steps/Steps.py\", line 134, in step_impl\n    assert exception != None\n"}}], "statusDetails": {"message": "AssertionError\n", "trace": "  File \"/home/laptop-linux/.local/lib/python2.7/site-packages/behave/model.py\", line 1329, in run\n    match.run(runner.context)\n  File \"/home/laptop-linux/.local/lib/python2.7/site-packages/behave/matchers.py\", line 98, in run\n    self.func(context, *args, **kwargs)\n  File \"features/steps/Steps.py\", line 134, in step_impl\n    assert exception != None\n"}, "uuid": "01e9109f-0c1e-4007-80a4-bf235ddfa668"}