{"status": "failed", "name": "Failing when using `length()` on a node", "labels": [{"name": "severity", "value": "normal"}, {"name": "tag", "value": "skip"}, {"name": "feature", "value": "SemanticErrorAcceptance"}, {"name": "framework", "value": "behave"}, {"name": "language", "value": "cpython2"}], "stop": 1578486137472, "historyId": "4f8a081cd9069961df61f5fffa5a690f", "start": 1578486137246, "steps": [{"status": "passed", "start": 1578486137248, "stop": 1578486137466, "name": "Given any graph"}, {"status": "passed", "start": 1578486137466, "stop": 1578486137469, "name": "When executing query", "attachments": [{"source": "a26f5674-32f1-4d41-a7f3-6153e1cceaaa-attachment.txt", "type": "text/plain", "name": ".text"}]}, {"status": "failed", "start": 1578486137470, "stop": 1578486137471, "name": "Then a SyntaxError should be raised at compile time: InvalidArgumentType", "statusDetails": {"message": "AssertionError\n", "trace": "  File \"/home/laptop-linux/.local/lib/python2.7/site-packages/behave/model.py\", line 1329, in run\n    match.run(runner.context)\n  File \"/home/laptop-linux/.local/lib/python2.7/site-packages/behave/matchers.py\", line 98, in run\n    self.func(context, *args, **kwargs)\n  File \"features/steps/Steps.py\", line 134, in step_impl\n    assert exception != None\n"}}], "statusDetails": {"message": "AssertionError\n", "trace": "  File \"/home/laptop-linux/.local/lib/python2.7/site-packages/behave/model.py\", line 1329, in run\n    match.run(runner.context)\n  File \"/home/laptop-linux/.local/lib/python2.7/site-packages/behave/matchers.py\", line 98, in run\n    self.func(context, *args, **kwargs)\n  File \"features/steps/Steps.py\", line 134, in step_impl\n    assert exception != None\n"}, "uuid": "a2e441dd-fb43-40bc-ab1c-c9452e6a7ba3"}