{"status": "failed", "name": "`percentileDisc()` failing on bad arguments -- @1.1 ", "parameters": [{"name": "percentile", "value": "1000"}], "labels": [{"name": "severity", "value": "normal"}, {"name": "tag", "value": "skip"}, {"name": "feature", "value": "FunctionsAcceptance"}, {"name": "framework", "value": "behave"}, {"name": "language", "value": "cpython2"}], "stop": 1578486025080, "historyId": "e624618bed04aa084aa7ad452b7480aa", "start": 1578486024852, "steps": [{"status": "passed", "start": 1578486024854, "stop": 1578486025070, "name": "Given an empty graph"}, {"status": "passed", "start": 1578486025070, "stop": 1578486025073, "name": "And having executed", "attachments": [{"source": "91481a3f-db0c-48d4-8aae-7c5c260b0047-attachment.txt", "type": "text/plain", "name": ".text"}]}, {"status": "passed", "start": 1578486025074, "stop": 1578486025074, "name": "And parameters are", "attachments": [{"source": "46602d21-b45c-434d-83e6-597dc634d615-attachment.csv", "type": "text/csv", "name": ".table"}]}, {"status": "passed", "start": 1578486025075, "stop": 1578486025078, "name": "When executing query", "attachments": [{"source": "c0a7d2fd-d845-44e4-9be3-3f8ea9f58bb2-attachment.txt", "type": "text/plain", "name": ".text"}]}, {"status": "failed", "start": 1578486025078, "stop": 1578486025079, "name": "Then a ArgumentError should be raised at runtime: NumberOutOfRange", "statusDetails": {"message": "AssertionError\n", "trace": "  File \"/home/laptop-linux/.local/lib/python2.7/site-packages/behave/model.py\", line 1329, in run\n    match.run(runner.context)\n  File \"/home/laptop-linux/.local/lib/python2.7/site-packages/behave/matchers.py\", line 98, in run\n    self.func(context, *args, **kwargs)\n  File \"features/steps/Steps.py\", line 106, in step_impl\n    assert exception != None\n"}}], "statusDetails": {"message": "AssertionError\n", "trace": "  File \"/home/laptop-linux/.local/lib/python2.7/site-packages/behave/model.py\", line 1329, in run\n    match.run(runner.context)\n  File \"/home/laptop-linux/.local/lib/python2.7/site-packages/behave/matchers.py\", line 98, in run\n    self.func(context, *args, **kwargs)\n  File \"features/steps/Steps.py\", line 106, in step_impl\n    assert exception != None\n"}, "uuid": "49bcaa15-e0c2-485b-a65c-84ef40ed37bb"}