{"status": "failed", "name": "Matching nodes using multiple labels", "labels": [{"name": "severity", "value": "normal"}, {"name": "tag", "value": "skip"}, {"name": "feature", "value": "MatchAcceptance2"}, {"name": "framework", "value": "behave"}, {"name": "language", "value": "cpython2"}], "stop": 1578486067459, "historyId": "454f07ead7e72e85d5adfba83107273d", "start": 1578486067335, "steps": [{"status": "passed", "start": 1578486067336, "stop": 1578486067446, "name": "Given an empty graph"}, {"status": "passed", "start": 1578486067447, "stop": 1578486067450, "name": "And having executed", "attachments": [{"source": "f3099fb0-7c10-47ac-b8bf-222562ccb8e0-attachment.txt", "type": "text/plain", "name": ".text"}]}, {"status": "passed", "start": 1578486067451, "stop": 1578486067455, "name": "When executing query", "attachments": [{"source": "1a261926-a60c-48e8-bb19-739a6ebd5135-attachment.txt", "type": "text/plain", "name": ".text"}]}, {"status": "failed", "attachments": [{"source": "24a2735f-6708-4d4d-a639-489bf37832bd-attachment.csv", "type": "text/csv", "name": ".table"}], "stop": 1578486067458, "start": 1578486067456, "statusDetails": {"message": "AssertionError\n", "trace": "  File \"/home/laptop-linux/.local/lib/python2.7/site-packages/behave/model.py\", line 1329, in run\n    match.run(runner.context)\n  File \"/home/laptop-linux/.local/lib/python2.7/site-packages/behave/matchers.py\", line 98, in run\n    self.func(context, *args, **kwargs)\n  File \"features/steps/Steps.py\", line 86, in step_impl\n    assertions.assert_resultset_length(resultset, expected_length)\n  File \"/home/laptop-linux/dev/redis/graph/tests/tck/features/steps/../../utils/assertions.py\", line 195, in assert_resultset_length\n    assert(len(resultset.result_set) == length)\n"}, "name": "Then the result should be"}, {"status": "skipped", "start": 1578486067459, "stop": 1578486067459, "name": "And no side effects"}], "statusDetails": {"message": "AssertionError\n", "trace": "  File \"/home/laptop-linux/.local/lib/python2.7/site-packages/behave/model.py\", line 1329, in run\n    match.run(runner.context)\n  File \"/home/laptop-linux/.local/lib/python2.7/site-packages/behave/matchers.py\", line 98, in run\n    self.func(context, *args, **kwargs)\n  File \"features/steps/Steps.py\", line 86, in step_impl\n    assertions.assert_resultset_length(resultset, expected_length)\n  File \"/home/laptop-linux/dev/redis/graph/tests/tck/features/steps/../../utils/assertions.py\", line 195, in assert_resultset_length\n    assert(len(resultset.result_set) == length)\n"}, "uuid": "2fbce5a9-bc64-446c-8cdb-db420d9ca4be"}