{"status": "failed", "name": "Using `labels()` in return clauses", "labels": [{"name": "severity", "value": "normal"}, {"name": "tag", "value": "skip"}, {"name": "feature", "value": "LabelsAcceptance"}, {"name": "framework", "value": "behave"}, {"name": "language", "value": "cpython2"}], "stop": 1578486033832, "historyId": "5941ee80b59151ed401a7e6a2e273908", "start": 1578486033712, "steps": [{"status": "passed", "start": 1578486033712, "stop": 1578486033822, "name": "Given an empty graph"}, {"status": "passed", "start": 1578486033823, "stop": 1578486033826, "name": "And having executed", "attachments": [{"source": "ab2df257-b9a8-48df-9fa1-21d4cf31c097-attachment.txt", "type": "text/plain", "name": ".text"}]}, {"status": "passed", "start": 1578486033826, "stop": 1578486033829, "name": "When executing query", "attachments": [{"source": "b59cf731-5882-4438-9ae7-8de36e0162b3-attachment.txt", "type": "text/plain", "name": ".text"}]}, {"status": "failed", "attachments": [{"source": "e82930c6-af98-42c2-93ce-e728deb27491-attachment.csv", "type": "text/csv", "name": ".table"}], "stop": 1578486033831, "start": 1578486033829, "statusDetails": {"message": "AssertionError\n", "trace": "  File \"/home/laptop-linux/.local/lib/python2.7/site-packages/behave/model.py\", line 1329, in run\n    match.run(runner.context)\n  File \"/home/laptop-linux/.local/lib/python2.7/site-packages/behave/matchers.py\", line 98, in run\n    self.func(context, *args, **kwargs)\n  File \"features/steps/Steps.py\", line 87, in step_impl\n    assertions.assert_resultsets_equals(resultset, context.table)\n  File \"/home/laptop-linux/dev/redis/graph/tests/tck/features/steps/../../utils/assertions.py\", line 218, in assert_resultsets_equals\n    assert actualCtr == expectedCtr\n"}, "name": "Then the result should be"}, {"status": "skipped", "start": 1578486033832, "stop": 1578486033832, "name": "And no side effects"}], "statusDetails": {"message": "AssertionError\n", "trace": "  File \"/home/laptop-linux/.local/lib/python2.7/site-packages/behave/model.py\", line 1329, in run\n    match.run(runner.context)\n  File \"/home/laptop-linux/.local/lib/python2.7/site-packages/behave/matchers.py\", line 98, in run\n    self.func(context, *args, **kwargs)\n  File \"features/steps/Steps.py\", line 87, in step_impl\n    assertions.assert_resultsets_equals(resultset, context.table)\n  File \"/home/laptop-linux/dev/redis/graph/tests/tck/features/steps/../../utils/assertions.py\", line 218, in assert_resultsets_equals\n    assert actualCtr == expectedCtr\n"}, "uuid": "a2de0a01-b183-4273-a2eb-e530b45a71c0"}