{"status": "failed", "name": "Failing when using aggregation in list comprehension", "labels": [{"name": "severity", "value": "normal"}, {"name": "tag", "value": "skip"}, {"name": "feature", "value": "SemanticErrorAcceptance"}, {"name": "framework", "value": "behave"}, {"name": "language", "value": "cpython2"}], "stop": 1578486142248, "historyId": "5acf927e0b9c07d1a43eeaa52c334e43", "start": 1578486142021, "steps": [{"status": "passed", "start": 1578486142023, "stop": 1578486142242, "name": "Given any graph"}, {"status": "passed", "start": 1578486142242, "stop": 1578486142245, "name": "When executing query", "attachments": [{"source": "1bcdb721-22c8-4fb5-8d30-915c8f49ea6e-attachment.txt", "type": "text/plain", "name": ".text"}]}, {"status": "failed", "start": 1578486142246, "stop": 1578486142247, "name": "Then a SyntaxError should be raised at compile time: InvalidAggregation", "statusDetails": {"message": "AssertionError\n", "trace": "  File \"/home/laptop-linux/.local/lib/python2.7/site-packages/behave/model.py\", line 1329, in run\n    match.run(runner.context)\n  File \"/home/laptop-linux/.local/lib/python2.7/site-packages/behave/matchers.py\", line 98, in run\n    self.func(context, *args, **kwargs)\n  File \"features/steps/Steps.py\", line 112, in step_impl\n    assert \"Invalid use of aggregating function\" in exception.message\n"}}], "statusDetails": {"message": "AssertionError\n", "trace": "  File \"/home/laptop-linux/.local/lib/python2.7/site-packages/behave/model.py\", line 1329, in run\n    match.run(runner.context)\n  File \"/home/laptop-linux/.local/lib/python2.7/site-packages/behave/matchers.py\", line 98, in run\n    self.func(context, *args, **kwargs)\n  File \"features/steps/Steps.py\", line 112, in step_impl\n    assert \"Invalid use of aggregating function\" in exception.message\n"}, "uuid": "207a0fa8-2050-408d-a24a-4a916388b4f7"}