{"status": "failed", "name": "Failing when using IN on a string literal", "labels": [{"name": "severity", "value": "normal"}, {"name": "tag", "value": "skip"}, {"name": "feature", "value": "SemanticErrorAcceptance"}, {"name": "framework", "value": "behave"}, {"name": "language", "value": "cpython2"}], "stop": 1578486136132, "historyId": "86a0ea893a2acf88e7714deb30cc10af", "start": 1578486135919, "steps": [{"status": "passed", "start": 1578486135921, "stop": 1578486136127, "name": "Given any graph"}, {"status": "passed", "start": 1578486136128, "stop": 1578486136130, "name": "When executing query", "attachments": [{"source": "2de2ec03-dd5d-4e82-bdad-803bf76a75c9-attachment.txt", "type": "text/plain", "name": ".text"}]}, {"status": "failed", "start": 1578486136131, "stop": 1578486136132, "name": "Then a SyntaxError should be raised at compile time: InvalidArgumentType", "statusDetails": {"message": "AssertionError\n", "trace": "  File \"/home/laptop-linux/.local/lib/python2.7/site-packages/behave/model.py\", line 1329, in run\n    match.run(runner.context)\n  File \"/home/laptop-linux/.local/lib/python2.7/site-packages/behave/matchers.py\", line 98, in run\n    self.func(context, *args, **kwargs)\n  File \"features/steps/Steps.py\", line 134, in step_impl\n    assert exception != None\n"}}], "statusDetails": {"message": "AssertionError\n", "trace": "  File \"/home/laptop-linux/.local/lib/python2.7/site-packages/behave/model.py\", line 1329, in run\n    match.run(runner.context)\n  File \"/home/laptop-linux/.local/lib/python2.7/site-packages/behave/matchers.py\", line 98, in run\n    self.func(context, *args, **kwargs)\n  File \"features/steps/Steps.py\", line 134, in step_impl\n    assert exception != None\n"}, "uuid": "0e7a9fbb-7c2b-46cf-a61b-b1a1cec4d44c"}