{"status": "failed", "name": "Failing when using MERGE on a node that is already bound", "labels": [{"name": "severity", "value": "normal"}, {"name": "tag", "value": "skip"}, {"name": "feature", "value": "SemanticErrorAcceptance"}, {"name": "framework", "value": "behave"}, {"name": "language", "value": "cpython2"}], "stop": 1578486139589, "historyId": "a71cd2c8f4ffc2a7e83efd69afb45b0b", "start": 1578486139370, "steps": [{"status": "passed", "start": 1578486139372, "stop": 1578486139584, "name": "Given any graph"}, {"status": "passed", "start": 1578486139585, "stop": 1578486139587, "name": "When executing query", "attachments": [{"source": "d7c201b9-5b86-44ff-aa3c-01c747eabadf-attachment.txt", "type": "text/plain", "name": ".text"}]}, {"status": "failed", "start": 1578486139587, "stop": 1578486139589, "name": "Then a SyntaxError should be raised at compile time: VariableAlreadyBound", "statusDetails": {"message": "AssertionError\n", "trace": "  File \"/home/laptop-linux/.local/lib/python2.7/site-packages/behave/model.py\", line 1329, in run\n    match.run(runner.context)\n  File \"/home/laptop-linux/.local/lib/python2.7/site-packages/behave/matchers.py\", line 98, in run\n    self.func(context, *args, **kwargs)\n  File \"features/steps/Steps.py\", line 122, in step_impl\n    assert exception != None\n"}}], "statusDetails": {"message": "AssertionError\n", "trace": "  File \"/home/laptop-linux/.local/lib/python2.7/site-packages/behave/model.py\", line 1329, in run\n    match.run(runner.context)\n  File \"/home/laptop-linux/.local/lib/python2.7/site-packages/behave/matchers.py\", line 98, in run\n    self.func(context, *args, **kwargs)\n  File \"features/steps/Steps.py\", line 122, in step_impl\n    assert exception != None\n"}, "uuid": "761b2f5c-20b0-4181-9ee5-42ac603f148f"}