{"status": "failed", "name": "Undirected match in self-relationship graph", "labels": [{"name": "severity", "value": "normal"}, {"name": "tag", "value": "skip"}, {"name": "feature", "value": "MatchingSelfRelationships"}, {"name": "framework", "value": "behave"}, {"name": "language", "value": "cpython2"}], "stop": 1578486080526, "historyId": "1785183555e9e09904e622e5f4bbf4d6", "start": 1578486080302, "steps": [{"status": "passed", "start": 1578486080304, "stop": 1578486080513, "name": "Given an empty graph"}, {"status": "passed", "start": 1578486080513, "stop": 1578486080516, "name": "And having executed", "attachments": [{"source": "b1c96817-c03a-4ec9-a5e9-879bca1e5cad-attachment.txt", "type": "text/plain", "name": ".text"}]}, {"status": "passed", "start": 1578486080517, "stop": 1578486080523, "name": "When executing query", "attachments": [{"source": "08cd1374-2a1a-4e44-98a4-410b5d617707-attachment.txt", "type": "text/plain", "name": ".text"}]}, {"status": "failed", "attachments": [{"source": "1af7a823-c5ca-480e-8049-568c64c83eca-attachment.csv", "type": "text/csv", "name": ".table"}], "stop": 1578486080525, "start": 1578486080524, "statusDetails": {"message": "AssertionError\n", "trace": "  File \"/home/laptop-linux/.local/lib/python2.7/site-packages/behave/model.py\", line 1329, in run\n    match.run(runner.context)\n  File \"/home/laptop-linux/.local/lib/python2.7/site-packages/behave/matchers.py\", line 98, in run\n    self.func(context, *args, **kwargs)\n  File \"features/steps/Steps.py\", line 86, in step_impl\n    assertions.assert_resultset_length(resultset, expected_length)\n  File \"/home/laptop-linux/dev/redis/graph/tests/tck/features/steps/../../utils/assertions.py\", line 195, in assert_resultset_length\n    assert(len(resultset.result_set) == length)\n"}, "name": "Then the result should be"}, {"status": "skipped", "start": 1578486080526, "stop": 1578486080526, "name": "And no side effects"}], "statusDetails": {"message": "AssertionError\n", "trace": "  File \"/home/laptop-linux/.local/lib/python2.7/site-packages/behave/model.py\", line 1329, in run\n    match.run(runner.context)\n  File \"/home/laptop-linux/.local/lib/python2.7/site-packages/behave/matchers.py\", line 98, in run\n    self.func(context, *args, **kwargs)\n  File \"features/steps/Steps.py\", line 86, in step_impl\n    assertions.assert_resultset_length(resultset, expected_length)\n  File \"/home/laptop-linux/dev/redis/graph/tests/tck/features/steps/../../utils/assertions.py\", line 195, in assert_resultset_length\n    assert(len(resultset.result_set) == length)\n"}, "uuid": "65023e7f-5261-4f17-ac12-3123f6814cc4"}