{"status": "failed", "name": "Matching longer variable length paths", "labels": [{"name": "severity", "value": "normal"}, {"name": "tag", "value": "skip"}, {"name": "feature", "value": "MatchAcceptance2"}, {"name": "framework", "value": "behave"}, {"name": "language", "value": "cpython2"}], "stop": 1578486079852, "historyId": "878bf5e3fe5283b25ddf9656ca143284", "start": 1578486079625, "steps": [{"status": "passed", "start": 1578486079627, "stop": 1578486079841, "name": "Given an empty graph"}, {"status": "passed", "start": 1578486079842, "stop": 1578486079845, "name": "And having executed", "attachments": [{"source": "c58e8be1-e962-4e43-839e-297526aadf35-attachment.txt", "type": "text/plain", "name": ".text"}]}, {"status": "passed", "start": 1578486079846, "stop": 1578486079849, "name": "When executing query", "attachments": [{"source": "de4c8801-4247-47c5-b403-a19f220bdca4-attachment.txt", "type": "text/plain", "name": ".text"}]}, {"status": "failed", "attachments": [{"source": "6ab1ece2-e1ab-4854-bd9d-5c8271b49e2c-attachment.csv", "type": "text/csv", "name": ".table"}], "stop": 1578486079851, "start": 1578486079849, "statusDetails": {"message": "AssertionError\n", "trace": "  File \"/home/laptop-linux/.local/lib/python2.7/site-packages/behave/model.py\", line 1329, in run\n    match.run(runner.context)\n  File \"/home/laptop-linux/.local/lib/python2.7/site-packages/behave/matchers.py\", line 98, in run\n    self.func(context, *args, **kwargs)\n  File \"features/steps/Steps.py\", line 86, in step_impl\n    assertions.assert_resultset_length(resultset, expected_length)\n  File \"/home/laptop-linux/dev/redis/graph/tests/tck/features/steps/../../utils/assertions.py\", line 195, in assert_resultset_length\n    assert(len(resultset.result_set) == length)\n"}, "name": "Then the result should be"}, {"status": "skipped", "start": 1578486079852, "stop": 1578486079852, "name": "And no side effects"}], "statusDetails": {"message": "AssertionError\n", "trace": "  File \"/home/laptop-linux/.local/lib/python2.7/site-packages/behave/model.py\", line 1329, in run\n    match.run(runner.context)\n  File \"/home/laptop-linux/.local/lib/python2.7/site-packages/behave/matchers.py\", line 98, in run\n    self.func(context, *args, **kwargs)\n  File \"features/steps/Steps.py\", line 86, in step_impl\n    assertions.assert_resultset_length(resultset, expected_length)\n  File \"/home/laptop-linux/dev/redis/graph/tests/tck/features/steps/../../utils/assertions.py\", line 195, in assert_resultset_length\n    assert(len(resultset.result_set) == length)\n"}, "uuid": "08c09996-8d38-4e97-acd1-b58181eb8cbf"}