{"status": "failed", "name": "Failing when using floating point in LIMIT", "labels": [{"name": "severity", "value": "normal"}, {"name": "tag", "value": "skip"}, {"name": "feature", "value": "SemanticErrorAcceptance"}, {"name": "framework", "value": "behave"}, {"name": "language", "value": "cpython2"}], "stop": 1578486143062, "historyId": "c7446b6f0d57df3295f0b3cd2a3d8fd9", "start": 1578486142848, "steps": [{"status": "passed", "start": 1578486142850, "stop": 1578486143057, "name": "Given any graph"}, {"status": "passed", "start": 1578486143057, "stop": 1578486143060, "name": "When executing query", "attachments": [{"source": "eff746bc-1d6e-42ce-b662-f6e92f492168-attachment.txt", "type": "text/plain", "name": ".text"}]}, {"status": "failed", "start": 1578486143060, "stop": 1578486143062, "name": "Then a SyntaxError should be raised at compile time: InvalidArgumentType", "statusDetails": {"message": "AssertionError\n", "trace": "  File \"/home/laptop-linux/.local/lib/python2.7/site-packages/behave/model.py\", line 1329, in run\n    match.run(runner.context)\n  File \"/home/laptop-linux/.local/lib/python2.7/site-packages/behave/matchers.py\", line 98, in run\n    self.func(context, *args, **kwargs)\n  File \"features/steps/Steps.py\", line 135, in step_impl\n    assert \"Type mismatch\" in exception.message\n"}}], "statusDetails": {"message": "AssertionError\n", "trace": "  File \"/home/laptop-linux/.local/lib/python2.7/site-packages/behave/model.py\", line 1329, in run\n    match.run(runner.context)\n  File \"/home/laptop-linux/.local/lib/python2.7/site-packages/behave/matchers.py\", line 98, in run\n    self.func(context, *args, **kwargs)\n  File \"features/steps/Steps.py\", line 135, in step_impl\n    assert \"Type mismatch\" in exception.message\n"}, "uuid": "5442a5c5-ca3e-49a1-9ca5-abcb8b03db40"}