{"status": "failed", "name": "Should be able to use properties from match in ON CREATE", "labels": [{"name": "severity", "value": "normal"}, {"name": "tag", "value": "skip"}, {"name": "feature", "value": "MergeNodeAcceptance"}, {"name": "framework", "value": "behave"}, {"name": "language", "value": "cpython2"}], "stop": 1578486088909, "historyId": "7112cb8da0b4efa4242ce2918d095487", "start": 1578486088786, "steps": [{"status": "passed", "start": 1578486088787, "stop": 1578486088899, "name": "Given an empty graph"}, {"status": "passed", "start": 1578486088900, "stop": 1578486088903, "name": "And having executed", "attachments": [{"source": "f2e44c9d-6b21-4b96-a202-6a5ba15047f8-attachment.txt", "type": "text/plain", "name": ".text"}]}, {"status": "passed", "start": 1578486088903, "stop": 1578486088907, "name": "When executing query", "attachments": [{"source": "26617835-a0ee-463b-b771-4b9513eddf13-attachment.txt", "type": "text/plain", "name": ".text"}]}, {"status": "failed", "attachments": [{"source": "bb577279-da47-4c80-b977-82e0c8bef2e1-attachment.csv", "type": "text/csv", "name": ".table"}], "stop": 1578486088908, "start": 1578486088907, "statusDetails": {"message": "AssertionError\n", "trace": "  File \"/home/laptop-linux/.local/lib/python2.7/site-packages/behave/model.py\", line 1329, in run\n    match.run(runner.context)\n  File \"/home/laptop-linux/.local/lib/python2.7/site-packages/behave/matchers.py\", line 98, in run\n    self.func(context, *args, **kwargs)\n  File \"features/steps/Steps.py\", line 86, in step_impl\n    assertions.assert_resultset_length(resultset, expected_length)\n  File \"/home/laptop-linux/dev/redis/graph/tests/tck/features/steps/../../utils/assertions.py\", line 195, in assert_resultset_length\n    assert(len(resultset.result_set) == length)\n"}, "name": "Then the result should be"}, {"status": "skipped", "start": 1578486088908, "stop": 1578486088909, "name": "And the side effects should be", "attachments": [{"source": "c2fa311a-d46d-4210-a390-1223c0fa1e8c-attachment.csv", "type": "text/csv", "name": ".table"}]}], "statusDetails": {"message": "AssertionError\n", "trace": "  File \"/home/laptop-linux/.local/lib/python2.7/site-packages/behave/model.py\", line 1329, in run\n    match.run(runner.context)\n  File \"/home/laptop-linux/.local/lib/python2.7/site-packages/behave/matchers.py\", line 98, in run\n    self.func(context, *args, **kwargs)\n  File \"features/steps/Steps.py\", line 86, in step_impl\n    assertions.assert_resultset_length(resultset, expected_length)\n  File \"/home/laptop-linux/dev/redis/graph/tests/tck/features/steps/../../utils/assertions.py\", line 195, in assert_resultset_length\n    assert(len(resultset.result_set) == length)\n"}, "uuid": "bb98d685-58a6-4f7f-9783-74b60ffb1cb5"}