{"status": "failed", "name": "Failing when using IN on a boolean literal", "labels": [{"name": "severity", "value": "normal"}, {"name": "tag", "value": "skip"}, {"name": "feature", "value": "SemanticErrorAcceptance"}, {"name": "framework", "value": "behave"}, {"name": "language", "value": "cpython2"}], "stop": 1578486136780, "historyId": "1ed8c8fb85401b9a8f620bb5b62a8fa1", "start": 1578486136567, "steps": [{"status": "passed", "start": 1578486136569, "stop": 1578486136774, "name": "Given any graph"}, {"status": "passed", "start": 1578486136775, "stop": 1578486136778, "name": "When executing query", "attachments": [{"source": "9e7604c8-5868-408a-aa9d-7e058d0117ad-attachment.txt", "type": "text/plain", "name": ".text"}]}, {"status": "failed", "start": 1578486136778, "stop": 1578486136779, "name": "Then a SyntaxError should be raised at compile time: InvalidArgumentType", "statusDetails": {"message": "AssertionError\n", "trace": "  File \"/home/laptop-linux/.local/lib/python2.7/site-packages/behave/model.py\", line 1329, in run\n    match.run(runner.context)\n  File \"/home/laptop-linux/.local/lib/python2.7/site-packages/behave/matchers.py\", line 98, in run\n    self.func(context, *args, **kwargs)\n  File \"features/steps/Steps.py\", line 134, in step_impl\n    assert exception != None\n"}}], "statusDetails": {"message": "AssertionError\n", "trace": "  File \"/home/laptop-linux/.local/lib/python2.7/site-packages/behave/model.py\", line 1329, in run\n    match.run(runner.context)\n  File \"/home/laptop-linux/.local/lib/python2.7/site-packages/behave/matchers.py\", line 98, in run\n    self.func(context, *args, **kwargs)\n  File \"features/steps/Steps.py\", line 134, in step_impl\n    assert exception != None\n"}, "uuid": "47a6a409-eada-40d1-81ab-4fdd20a21eb7"}