{"status": "failed", "name": "`percentileDisc()` failing on bad arguments -- @1.3 ", "parameters": [{"name": "percentile", "value": "1.1"}], "labels": [{"name": "severity", "value": "normal"}, {"name": "tag", "value": "skip"}, {"name": "feature", "value": "FunctionsAcceptance"}, {"name": "framework", "value": "behave"}, {"name": "language", "value": "cpython2"}], "stop": 1578486025517, "historyId": "492c62937b9ff368026114f4d340843f", "start": 1578486025309, "steps": [{"status": "passed", "start": 1578486025311, "stop": 1578486025507, "name": "Given an empty graph"}, {"status": "passed", "start": 1578486025508, "stop": 1578486025511, "name": "And having executed", "attachments": [{"source": "8359f781-1480-40c6-9640-c3a30c03377f-attachment.txt", "type": "text/plain", "name": ".text"}]}, {"status": "passed", "start": 1578486025511, "stop": 1578486025512, "name": "And parameters are", "attachments": [{"source": "3f876075-b7ed-401b-956c-d4bb490113a6-attachment.csv", "type": "text/csv", "name": ".table"}]}, {"status": "passed", "start": 1578486025512, "stop": 1578486025515, "name": "When executing query", "attachments": [{"source": "82a54583-8a22-47ce-af39-d61e0c05d619-attachment.txt", "type": "text/plain", "name": ".text"}]}, {"status": "failed", "start": 1578486025515, "stop": 1578486025516, "name": "Then a ArgumentError should be raised at runtime: NumberOutOfRange", "statusDetails": {"message": "AssertionError\n", "trace": "  File \"/home/laptop-linux/.local/lib/python2.7/site-packages/behave/model.py\", line 1329, in run\n    match.run(runner.context)\n  File \"/home/laptop-linux/.local/lib/python2.7/site-packages/behave/matchers.py\", line 98, in run\n    self.func(context, *args, **kwargs)\n  File \"features/steps/Steps.py\", line 106, in step_impl\n    assert exception != None\n"}}], "statusDetails": {"message": "AssertionError\n", "trace": "  File \"/home/laptop-linux/.local/lib/python2.7/site-packages/behave/model.py\", line 1329, in run\n    match.run(runner.context)\n  File \"/home/laptop-linux/.local/lib/python2.7/site-packages/behave/matchers.py\", line 98, in run\n    self.func(context, *args, **kwargs)\n  File \"features/steps/Steps.py\", line 106, in step_impl\n    assert exception != None\n"}, "uuid": "384d3f15-4c43-48ff-89f2-513ea89e7fce"}