{"status": "failed", "name": "Named path with multiple alternating directed/undirected relationships", "labels": [{"name": "severity", "value": "normal"}, {"name": "tag", "value": "skip"}, {"name": "feature", "value": "MatchAcceptance2"}, {"name": "framework", "value": "behave"}, {"name": "language", "value": "cpython2"}], "stop": 1578486075698, "historyId": "bf7fc9aa99c6f3218f6d82f1f495e633", "start": 1578486075468, "steps": [{"status": "passed", "start": 1578486075468, "stop": 1578486075687, "name": "Given an empty graph"}, {"status": "passed", "start": 1578486075688, "stop": 1578486075691, "name": "And having executed", "attachments": [{"source": "f02d8a63-020b-4022-9550-6b355e734d63-attachment.txt", "type": "text/plain", "name": ".text"}]}, {"status": "passed", "start": 1578486075692, "stop": 1578486075698, "name": "When executing query", "attachments": [{"source": "f30f1556-3bb3-430e-ad68-410c81617d3f-attachment.txt", "type": "text/plain", "name": ".text"}]}, {"status": "failed", "attachments": [{"source": "47283646-3866-4574-9453-f5559e2048e4-attachment.csv", "type": "text/csv", "name": ".table"}], "stop": 1578486075698, "start": 1578486075698, "statusDetails": {"message": "AssertionError\n", "trace": "  File \"/home/laptop-linux/.local/lib/python2.7/site-packages/behave/model.py\", line 1329, in run\n    match.run(runner.context)\n  File \"/home/laptop-linux/.local/lib/python2.7/site-packages/behave/matchers.py\", line 98, in run\n    self.func(context, *args, **kwargs)\n  File \"features/steps/Steps.py\", line 86, in step_impl\n    assertions.assert_resultset_length(resultset, expected_length)\n  File \"/home/laptop-linux/dev/redis/graph/tests/tck/features/steps/../../utils/assertions.py\", line 195, in assert_resultset_length\n    assert(len(resultset.result_set) == length)\n"}, "name": "Then the result should be"}, {"status": "skipped", "start": 1578486075698, "stop": 1578486075698, "name": "And no side effects"}], "statusDetails": {"message": "AssertionError\n", "trace": "  File \"/home/laptop-linux/.local/lib/python2.7/site-packages/behave/model.py\", line 1329, in run\n    match.run(runner.context)\n  File \"/home/laptop-linux/.local/lib/python2.7/site-packages/behave/matchers.py\", line 98, in run\n    self.func(context, *args, **kwargs)\n  File \"features/steps/Steps.py\", line 86, in step_impl\n    assertions.assert_resultset_length(resultset, expected_length)\n  File \"/home/laptop-linux/dev/redis/graph/tests/tck/features/steps/../../utils/assertions.py\", line 195, in assert_resultset_length\n    assert(len(resultset.result_set) == length)\n"}, "uuid": "6fcb484a-e0d8-4505-a2cb-b1dfaed38a48"}