{"status": "failed", "name": "Failing when using IN on an integer literal", "labels": [{"name": "severity", "value": "normal"}, {"name": "tag", "value": "skip"}, {"name": "feature", "value": "SemanticErrorAcceptance"}, {"name": "framework", "value": "behave"}, {"name": "language", "value": "cpython2"}], "stop": 1578486136348, "historyId": "34873342fb83ca6ce8a2bf9c1b631db9", "start": 1578486136135, "steps": [{"status": "passed", "start": 1578486136137, "stop": 1578486136343, "name": "Given any graph"}, {"status": "passed", "start": 1578486136344, "stop": 1578486136346, "name": "When executing query", "attachments": [{"source": "6f630712-93b2-4418-b82b-576752dc4f6a-attachment.txt", "type": "text/plain", "name": ".text"}]}, {"status": "failed", "start": 1578486136347, "stop": 1578486136348, "name": "Then a SyntaxError should be raised at compile time: InvalidArgumentType", "statusDetails": {"message": "AssertionError\n", "trace": "  File \"/home/laptop-linux/.local/lib/python2.7/site-packages/behave/model.py\", line 1329, in run\n    match.run(runner.context)\n  File \"/home/laptop-linux/.local/lib/python2.7/site-packages/behave/matchers.py\", line 98, in run\n    self.func(context, *args, **kwargs)\n  File \"features/steps/Steps.py\", line 134, in step_impl\n    assert exception != None\n"}}], "statusDetails": {"message": "AssertionError\n", "trace": "  File \"/home/laptop-linux/.local/lib/python2.7/site-packages/behave/model.py\", line 1329, in run\n    match.run(runner.context)\n  File \"/home/laptop-linux/.local/lib/python2.7/site-packages/behave/matchers.py\", line 98, in run\n    self.func(context, *args, **kwargs)\n  File \"features/steps/Steps.py\", line 134, in step_impl\n    assert exception != None\n"}, "uuid": "011c875e-b4ff-4c63-8d7e-4d0fa51f734e"}