{"status": "failed", "name": "Equality and inequality of NaN -- @1.1 ", "parameters": [{"name": "lhs", "value": "0.0 / 0.0"}, {"name": "rhs", "value": "1"}], "labels": [{"name": "severity", "value": "normal"}, {"name": "tag", "value": "skip"}, {"name": "feature", "value": "EqualsAcceptance"}, {"name": "framework", "value": "behave"}, {"name": "language", "value": "cpython2"}], "stop": 1578486016182, "historyId": "f825a620a1a1a993a7d32bb8ed2c4f30", "start": 1578486015957, "steps": [{"status": "passed", "start": 1578486015959, "stop": 1578486016175, "name": "Given any graph"}, {"status": "passed", "start": 1578486016176, "stop": 1578486016179, "name": "When executing query", "attachments": [{"source": "3d474876-2ab1-4fc5-9631-533a3152cafe-attachment.txt", "type": "text/plain", "name": ".text"}]}, {"status": "failed", "attachments": [{"source": "a5d4ef6a-1323-4063-b4e5-4adf01e48b31-attachment.csv", "type": "text/csv", "name": ".table"}], "stop": 1578486016181, "start": 1578486016179, "statusDetails": {"message": "AssertionError\n", "trace": "  File \"/home/laptop-linux/.local/lib/python2.7/site-packages/behave/model.py\", line 1329, in run\n    match.run(runner.context)\n  File \"/home/laptop-linux/.local/lib/python2.7/site-packages/behave/matchers.py\", line 98, in run\n    self.func(context, *args, **kwargs)\n  File \"features/steps/Steps.py\", line 87, in step_impl\n    assertions.assert_resultsets_equals(resultset, context.table)\n  File \"/home/laptop-linux/dev/redis/graph/tests/tck/features/steps/../../utils/assertions.py\", line 218, in assert_resultsets_equals\n    assert actualCtr == expectedCtr\n"}, "name": "Then the result should be"}, {"status": "skipped", "start": 1578486016182, "stop": 1578486016182, "name": "And no side effects"}], "statusDetails": {"message": "AssertionError\n", "trace": "  File \"/home/laptop-linux/.local/lib/python2.7/site-packages/behave/model.py\", line 1329, in run\n    match.run(runner.context)\n  File \"/home/laptop-linux/.local/lib/python2.7/site-packages/behave/matchers.py\", line 98, in run\n    self.func(context, *args, **kwargs)\n  File \"features/steps/Steps.py\", line 87, in step_impl\n    assertions.assert_resultsets_equals(resultset, context.table)\n  File \"/home/laptop-linux/dev/redis/graph/tests/tck/features/steps/../../utils/assertions.py\", line 218, in assert_resultsets_equals\n    assert actualCtr == expectedCtr\n"}, "uuid": "ab1df74f-c980-4a48-b07f-619482f40cab"}