{"status": "failed", "name": "Matching a self-loop", "labels": [{"name": "severity", "value": "normal"}, {"name": "tag", "value": "skip"}, {"name": "feature", "value": "MatchAcceptance2"}, {"name": "framework", "value": "behave"}, {"name": "language", "value": "cpython2"}], "stop": 1578486080294, "historyId": "3043326906019dfc03dd3721456fc4c0", "start": 1578486080077, "steps": [{"status": "passed", "start": 1578486080077, "stop": 1578486080284, "name": "Given an empty graph"}, {"status": "passed", "start": 1578486080285, "stop": 1578486080287, "name": "And having executed", "attachments": [{"source": "23358f04-540f-4411-86e8-67788cf8fce1-attachment.txt", "type": "text/plain", "name": ".text"}]}, {"status": "passed", "start": 1578486080288, "stop": 1578486080291, "name": "When executing query", "attachments": [{"source": "4f6951bf-2bd8-4784-93e6-bdac21cb2c20-attachment.txt", "type": "text/plain", "name": ".text"}]}, {"status": "failed", "attachments": [{"source": "b2d0d900-22d6-461d-afb1-86aee4c55037-attachment.csv", "type": "text/csv", "name": ".table"}], "stop": 1578486080293, "start": 1578486080291, "statusDetails": {"message": "AssertionError\n", "trace": "  File \"/home/laptop-linux/.local/lib/python2.7/site-packages/behave/model.py\", line 1329, in run\n    match.run(runner.context)\n  File \"/home/laptop-linux/.local/lib/python2.7/site-packages/behave/matchers.py\", line 98, in run\n    self.func(context, *args, **kwargs)\n  File \"features/steps/Steps.py\", line 86, in step_impl\n    assertions.assert_resultset_length(resultset, expected_length)\n  File \"/home/laptop-linux/dev/redis/graph/tests/tck/features/steps/../../utils/assertions.py\", line 195, in assert_resultset_length\n    assert(len(resultset.result_set) == length)\n"}, "name": "Then the result should be"}, {"status": "skipped", "start": 1578486080294, "stop": 1578486080294, "name": "And no side effects"}], "statusDetails": {"message": "AssertionError\n", "trace": "  File \"/home/laptop-linux/.local/lib/python2.7/site-packages/behave/model.py\", line 1329, in run\n    match.run(runner.context)\n  File \"/home/laptop-linux/.local/lib/python2.7/site-packages/behave/matchers.py\", line 98, in run\n    self.func(context, *args, **kwargs)\n  File \"features/steps/Steps.py\", line 86, in step_impl\n    assertions.assert_resultset_length(resultset, expected_length)\n  File \"/home/laptop-linux/dev/redis/graph/tests/tck/features/steps/../../utils/assertions.py\", line 195, in assert_resultset_length\n    assert(len(resultset.result_set) == length)\n"}, "uuid": "9cfd93cd-0d1d-4ea7-b29a-a2d11a75fb93"}