{"status": "failed", "name": "Handling fixed-length variable length pattern", "labels": [{"name": "severity", "value": "normal"}, {"name": "tag", "value": "skip"}, {"name": "feature", "value": "MatchAcceptance2"}, {"name": "framework", "value": "behave"}, {"name": "language", "value": "cpython2"}], "stop": 1578486069133, "historyId": "236b638e00d286a64e0d214f392b7043", "start": 1578486068910, "steps": [{"status": "passed", "start": 1578486068911, "stop": 1578486069120, "name": "Given an empty graph"}, {"status": "passed", "start": 1578486069121, "stop": 1578486069124, "name": "And having executed", "attachments": [{"source": "459c1912-96b7-4614-8bb6-1e413e738839-attachment.txt", "type": "text/plain", "name": ".text"}]}, {"status": "passed", "start": 1578486069124, "stop": 1578486069128, "name": "When executing query", "attachments": [{"source": "84b28271-2cbf-4894-be91-4e9bc8cf2576-attachment.txt", "type": "text/plain", "name": ".text"}]}, {"status": "failed", "attachments": [{"source": "1f788cac-8062-4c25-9d59-136b18f6c1d6-attachment.csv", "type": "text/csv", "name": ".table"}], "stop": 1578486069132, "start": 1578486069129, "statusDetails": {"message": "AssertionError\n", "trace": "  File \"/home/laptop-linux/.local/lib/python2.7/site-packages/behave/model.py\", line 1329, in run\n    match.run(runner.context)\n  File \"/home/laptop-linux/.local/lib/python2.7/site-packages/behave/matchers.py\", line 98, in run\n    self.func(context, *args, **kwargs)\n  File \"features/steps/Steps.py\", line 87, in step_impl\n    assertions.assert_resultsets_equals(resultset, context.table)\n  File \"/home/laptop-linux/dev/redis/graph/tests/tck/features/steps/../../utils/assertions.py\", line 218, in assert_resultsets_equals\n    assert actualCtr == expectedCtr\n"}, "name": "Then the result should be"}, {"status": "skipped", "start": 1578486069133, "stop": 1578486069133, "name": "And no side effects"}], "statusDetails": {"message": "AssertionError\n", "trace": "  File \"/home/laptop-linux/.local/lib/python2.7/site-packages/behave/model.py\", line 1329, in run\n    match.run(runner.context)\n  File \"/home/laptop-linux/.local/lib/python2.7/site-packages/behave/matchers.py\", line 98, in run\n    self.func(context, *args, **kwargs)\n  File \"features/steps/Steps.py\", line 87, in step_impl\n    assertions.assert_resultsets_equals(resultset, context.table)\n  File \"/home/laptop-linux/dev/redis/graph/tests/tck/features/steps/../../utils/assertions.py\", line 218, in assert_resultsets_equals\n    assert actualCtr == expectedCtr\n"}, "uuid": "098eb8a2-3181-4b18-a86d-8698281fc49c"}