{"status": "failed", "name": "Matching relationships into a list and matching variable length using the list", "labels": [{"name": "severity", "value": "normal"}, {"name": "tag", "value": "skip"}, {"name": "feature", "value": "MatchAcceptance2"}, {"name": "framework", "value": "behave"}, {"name": "language", "value": "cpython2"}], "stop": 1578486072624, "historyId": "660cba4afa9015d6bfd15125dc597fc9", "start": 1578486072406, "steps": [{"status": "passed", "start": 1578486072406, "stop": 1578486072614, "name": "Given an empty graph"}, {"status": "passed", "start": 1578486072615, "stop": 1578486072618, "name": "And having executed", "attachments": [{"source": "aad5af84-e13d-4424-b482-bc8ffdff1acc-attachment.txt", "type": "text/plain", "name": ".text"}]}, {"status": "passed", "start": 1578486072619, "stop": 1578486072624, "name": "When executing query", "attachments": [{"source": "00e05785-fdb2-4cda-b594-6b0c534de578-attachment.txt", "type": "text/plain", "name": ".text"}]}, {"status": "failed", "attachments": [{"source": "a0bf9cc0-a71f-4013-a529-8dda87c3bb8c-attachment.csv", "type": "text/csv", "name": ".table"}], "stop": 1578486072624, "start": 1578486072624, "statusDetails": {"message": "AssertionError\n", "trace": "  File \"/home/laptop-linux/.local/lib/python2.7/site-packages/behave/model.py\", line 1329, in run\n    match.run(runner.context)\n  File \"/home/laptop-linux/.local/lib/python2.7/site-packages/behave/matchers.py\", line 98, in run\n    self.func(context, *args, **kwargs)\n  File \"features/steps/Steps.py\", line 86, in step_impl\n    assertions.assert_resultset_length(resultset, expected_length)\n  File \"/home/laptop-linux/dev/redis/graph/tests/tck/features/steps/../../utils/assertions.py\", line 195, in assert_resultset_length\n    assert(len(resultset.result_set) == length)\n"}, "name": "Then the result should be"}, {"status": "skipped", "start": 1578486072624, "stop": 1578486072624, "name": "And no side effects"}], "statusDetails": {"message": "AssertionError\n", "trace": "  File \"/home/laptop-linux/.local/lib/python2.7/site-packages/behave/model.py\", line 1329, in run\n    match.run(runner.context)\n  File \"/home/laptop-linux/.local/lib/python2.7/site-packages/behave/matchers.py\", line 98, in run\n    self.func(context, *args, **kwargs)\n  File \"features/steps/Steps.py\", line 86, in step_impl\n    assertions.assert_resultset_length(resultset, expected_length)\n  File \"/home/laptop-linux/dev/redis/graph/tests/tck/features/steps/../../utils/assertions.py\", line 195, in assert_resultset_length\n    assert(len(resultset.result_set) == length)\n"}, "uuid": "08f4cf5d-8ad0-42b8-8a91-4f755400e9f6"}