{"status": "failed", "name": "Undirected variable length expand followed by delete and count", "labels": [{"name": "severity", "value": "normal"}, {"name": "tag", "value": "skip"}, {"name": "feature", "value": "DeleteAcceptance"}, {"name": "framework", "value": "behave"}, {"name": "language", "value": "cpython2"}], "stop": 1578486011164, "historyId": "d51ccb30dd227ee9ea48c36b9d382878", "start": 1578486010951, "steps": [{"status": "passed", "start": 1578486010953, "stop": 1578486011151, "name": "Given an empty graph"}, {"status": "passed", "start": 1578486011152, "stop": 1578486011155, "name": "And having executed", "attachments": [{"source": "0baec9bd-cb80-4a85-af32-466ada7d249c-attachment.txt", "type": "text/plain", "name": ".text"}]}, {"status": "passed", "start": 1578486011156, "stop": 1578486011159, "name": "When executing query", "attachments": [{"source": "bca2087c-ca42-4229-a568-c08a30b0b8e9-attachment.txt", "type": "text/plain", "name": ".text"}]}, {"status": "passed", "start": 1578486011160, "stop": 1578486011161, "name": "Then the result should be", "attachments": [{"source": "9684b7b7-43e3-4bb4-b747-d4c6b0e0e430-attachment.csv", "type": "text/csv", "name": ".table"}]}, {"status": "failed", "attachments": [{"source": "536b16ff-8952-40e9-813b-927c1a0ec6a3-attachment.csv", "type": "text/csv", "name": ".table"}], "stop": 1578486011163, "start": 1578486011161, "statusDetails": {"message": "AssertionError\n", "trace": "  File \"/home/laptop-linux/.local/lib/python2.7/site-packages/behave/model.py\", line 1329, in run\n    match.run(runner.context)\n  File \"/home/laptop-linux/.local/lib/python2.7/site-packages/behave/matchers.py\", line 98, in run\n    self.func(context, *args, **kwargs)\n  File \"features/steps/Steps.py\", line 75, in step_impl\n    assertions.assert_statistics(resultset, stat, value)\n  File \"/home/laptop-linux/dev/redis/graph/tests/tck/features/steps/../../utils/assertions.py\", line 183, in assert_statistics\n    assert(False)\n"}, "name": "And the side effects should be"}], "statusDetails": {"message": "AssertionError\n", "trace": "  File \"/home/laptop-linux/.local/lib/python2.7/site-packages/behave/model.py\", line 1329, in run\n    match.run(runner.context)\n  File \"/home/laptop-linux/.local/lib/python2.7/site-packages/behave/matchers.py\", line 98, in run\n    self.func(context, *args, **kwargs)\n  File \"features/steps/Steps.py\", line 75, in step_impl\n    assertions.assert_statistics(resultset, stat, value)\n  File \"/home/laptop-linux/dev/redis/graph/tests/tck/features/steps/../../utils/assertions.py\", line 183, in assert_statistics\n    assert(False)\n"}, "uuid": "9ec84672-39cd-45b0-844f-bf006a125af5"}