{"status": "failed", "name": "Creating a relationship with null properties should not return those properties", "labels": [{"name": "severity", "value": "normal"}, {"name": "tag", "value": "skip"}, {"name": "feature", "value": "CreateAcceptance"}, {"name": "framework", "value": "behave"}, {"name": "language", "value": "cpython2"}], "stop": 1578486004624, "historyId": "4613b3fd7d0c516257cd2806328e59e2", "start": 1578486004411, "steps": [{"status": "passed", "start": 1578486004413, "stop": 1578486004615, "name": "Given any graph"}, {"status": "passed", "start": 1578486004616, "stop": 1578486004619, "name": "When executing query", "attachments": [{"source": "22ab844a-7c4d-485c-b53f-dd8c43193e5c-attachment.txt", "type": "text/plain", "name": ".text"}]}, {"status": "passed", "start": 1578486004619, "stop": 1578486004621, "name": "Then the result should be", "attachments": [{"source": "f9ad3f72-ec82-4896-afd3-a1fe57014936-attachment.csv", "type": "text/csv", "name": ".table"}]}, {"status": "failed", "attachments": [{"source": "3cfad266-f65d-4f38-acbd-0006f778c654-attachment.csv", "type": "text/csv", "name": ".table"}], "stop": 1578486004624, "start": 1578486004622, "statusDetails": {"message": "AssertionError\n", "trace": "  File \"/home/laptop-linux/.local/lib/python2.7/site-packages/behave/model.py\", line 1329, in run\n    match.run(runner.context)\n  File \"/home/laptop-linux/.local/lib/python2.7/site-packages/behave/matchers.py\", line 98, in run\n    self.func(context, *args, **kwargs)\n  File \"features/steps/Steps.py\", line 75, in step_impl\n    assertions.assert_statistics(resultset, stat, value)\n  File \"/home/laptop-linux/dev/redis/graph/tests/tck/features/steps/../../utils/assertions.py\", line 179, in assert_statistics\n    assert(resultset.properties_set == value)\n"}, "name": "And the side effects should be"}], "statusDetails": {"message": "AssertionError\n", "trace": "  File \"/home/laptop-linux/.local/lib/python2.7/site-packages/behave/model.py\", line 1329, in run\n    match.run(runner.context)\n  File \"/home/laptop-linux/.local/lib/python2.7/site-packages/behave/matchers.py\", line 98, in run\n    self.func(context, *args, **kwargs)\n  File \"features/steps/Steps.py\", line 75, in step_impl\n    assertions.assert_statistics(resultset, stat, value)\n  File \"/home/laptop-linux/dev/redis/graph/tests/tck/features/steps/../../utils/assertions.py\", line 179, in assert_statistics\n    assert(resultset.properties_set == value)\n"}, "uuid": "42480352-444d-4db3-9298-d8ea7d20e327"}