{"status": "failed", "name": "Should be able to use properties from match in ON MATCH", "labels": [{"name": "severity", "value": "normal"}, {"name": "tag", "value": "skip"}, {"name": "feature", "value": "MergeNodeAcceptance"}, {"name": "framework", "value": "behave"}, {"name": "language", "value": "cpython2"}], "stop": 1578486089127, "historyId": "e20aedb57a461965c3409b83ae54a268", "start": 1578486088909, "steps": [{"status": "passed", "start": 1578486088910, "stop": 1578486089115, "name": "Given an empty graph"}, {"status": "passed", "start": 1578486089116, "stop": 1578486089119, "name": "And having executed", "attachments": [{"source": "5f91c247-2d6c-428b-a867-22af00a3ace3-attachment.txt", "type": "text/plain", "name": ".text"}]}, {"status": "passed", "start": 1578486089119, "stop": 1578486089123, "name": "When executing query", "attachments": [{"source": "6223ac72-3df8-4ef4-a01d-f485af94a3ba-attachment.txt", "type": "text/plain", "name": ".text"}]}, {"status": "failed", "attachments": [{"source": "cae8a96e-bf7d-4a19-a838-4840bb216cd9-attachment.csv", "type": "text/csv", "name": ".table"}], "stop": 1578486089125, "start": 1578486089123, "statusDetails": {"message": "AssertionError\n", "trace": "  File \"/home/laptop-linux/.local/lib/python2.7/site-packages/behave/model.py\", line 1329, in run\n    match.run(runner.context)\n  File \"/home/laptop-linux/.local/lib/python2.7/site-packages/behave/matchers.py\", line 98, in run\n    self.func(context, *args, **kwargs)\n  File \"features/steps/Steps.py\", line 86, in step_impl\n    assertions.assert_resultset_length(resultset, expected_length)\n  File \"/home/laptop-linux/dev/redis/graph/tests/tck/features/steps/../../utils/assertions.py\", line 195, in assert_resultset_length\n    assert(len(resultset.result_set) == length)\n"}, "name": "Then the result should be"}, {"status": "skipped", "start": 1578486089126, "stop": 1578486089127, "name": "And the side effects should be", "attachments": [{"source": "51ad7cec-fb59-42e0-8a6b-d9bcb5a04cfc-attachment.csv", "type": "text/csv", "name": ".table"}]}], "statusDetails": {"message": "AssertionError\n", "trace": "  File \"/home/laptop-linux/.local/lib/python2.7/site-packages/behave/model.py\", line 1329, in run\n    match.run(runner.context)\n  File \"/home/laptop-linux/.local/lib/python2.7/site-packages/behave/matchers.py\", line 98, in run\n    self.func(context, *args, **kwargs)\n  File \"features/steps/Steps.py\", line 86, in step_impl\n    assertions.assert_resultset_length(resultset, expected_length)\n  File \"/home/laptop-linux/dev/redis/graph/tests/tck/features/steps/../../utils/assertions.py\", line 195, in assert_resultset_length\n    assert(len(resultset.result_set) == length)\n"}, "uuid": "fe351323-7dce-4b66-979f-d841f08870cd"}