{"status": "failed", "name": "Matching path with both directions should respect other directions", "labels": [{"name": "severity", "value": "normal"}, {"name": "tag", "value": "skip"}, {"name": "feature", "value": "MatchAcceptance2"}, {"name": "framework", "value": "behave"}, {"name": "language", "value": "cpython2"}], "stop": 1578486079177, "historyId": "77a7388579f690454d1cb98379dca9fe", "start": 1578486079048, "steps": [{"status": "passed", "start": 1578486079049, "stop": 1578486079165, "name": "Given an empty graph"}, {"status": "passed", "start": 1578486079166, "stop": 1578486079169, "name": "And having executed", "attachments": [{"source": "32a1e1f1-c3ea-4f16-b1c0-c7d2d370d11d-attachment.txt", "type": "text/plain", "name": ".text"}]}, {"status": "passed", "start": 1578486079170, "stop": 1578486079177, "name": "When executing query", "attachments": [{"source": "31989c08-3836-4b8e-a233-705ba076572b-attachment.txt", "type": "text/plain", "name": ".text"}]}, {"status": "failed", "attachments": [{"source": "f32c4eda-5596-4770-9f2c-fe47c7230366-attachment.csv", "type": "text/csv", "name": ".table"}], "stop": 1578486079177, "start": 1578486079177, "statusDetails": {"message": "AssertionError\n", "trace": "  File \"/home/laptop-linux/.local/lib/python2.7/site-packages/behave/model.py\", line 1329, in run\n    match.run(runner.context)\n  File \"/home/laptop-linux/.local/lib/python2.7/site-packages/behave/matchers.py\", line 98, in run\n    self.func(context, *args, **kwargs)\n  File \"features/steps/Steps.py\", line 86, in step_impl\n    assertions.assert_resultset_length(resultset, expected_length)\n  File \"/home/laptop-linux/dev/redis/graph/tests/tck/features/steps/../../utils/assertions.py\", line 195, in assert_resultset_length\n    assert(len(resultset.result_set) == length)\n"}, "name": "Then the result should be"}, {"status": "skipped", "start": 1578486079177, "stop": 1578486079177, "name": "And no side effects"}], "statusDetails": {"message": "AssertionError\n", "trace": "  File \"/home/laptop-linux/.local/lib/python2.7/site-packages/behave/model.py\", line 1329, in run\n    match.run(runner.context)\n  File \"/home/laptop-linux/.local/lib/python2.7/site-packages/behave/matchers.py\", line 98, in run\n    self.func(context, *args, **kwargs)\n  File \"features/steps/Steps.py\", line 86, in step_impl\n    assertions.assert_resultset_length(resultset, expected_length)\n  File \"/home/laptop-linux/dev/redis/graph/tests/tck/features/steps/../../utils/assertions.py\", line 195, in assert_resultset_length\n    assert(len(resultset.result_set) == length)\n"}, "uuid": "261ea03a-eab4-4331-b164-4d34fb616ff1"}