{"status": "failed", "name": "Do not fail when returning type of deleted relationships", "labels": [{"name": "severity", "value": "normal"}, {"name": "tag", "value": "skip"}, {"name": "feature", "value": "ReturnAcceptance2"}, {"name": "framework", "value": "behave"}, {"name": "language", "value": "cpython2"}], "stop": 1578486129773, "historyId": "07162465c4ae1a5de63fbe2d5c254b2f", "start": 1578486129554, "steps": [{"status": "passed", "start": 1578486129556, "stop": 1578486129761, "name": "Given an empty graph"}, {"status": "passed", "start": 1578486129762, "stop": 1578486129765, "name": "And having executed", "attachments": [{"source": "d4394dd5-157f-4ebb-9d96-9e508b0a7663-attachment.txt", "type": "text/plain", "name": ".text"}]}, {"status": "passed", "start": 1578486129765, "stop": 1578486129769, "name": "When executing query", "attachments": [{"source": "af52296c-399d-4465-ab2e-97146551dc57-attachment.txt", "type": "text/plain", "name": ".text"}]}, {"status": "passed", "start": 1578486129769, "stop": 1578486129770, "name": "Then the result should be", "attachments": [{"source": "62580ebd-08dc-473f-a389-7653ed867fea-attachment.csv", "type": "text/csv", "name": ".table"}]}, {"status": "failed", "attachments": [{"source": "488fa76c-9bf1-41a5-86f4-b5c32889366d-attachment.csv", "type": "text/csv", "name": ".table"}], "stop": 1578486129772, "start": 1578486129771, "statusDetails": {"message": "AssertionError\n", "trace": "  File \"/home/laptop-linux/.local/lib/python2.7/site-packages/behave/model.py\", line 1329, in run\n    match.run(runner.context)\n  File \"/home/laptop-linux/.local/lib/python2.7/site-packages/behave/matchers.py\", line 98, in run\n    self.func(context, *args, **kwargs)\n  File \"features/steps/Steps.py\", line 70, in step_impl\n    assertions.assert_statistics(resultset, stat, value)\n  File \"/home/laptop-linux/dev/redis/graph/tests/tck/features/steps/../../utils/assertions.py\", line 183, in assert_statistics\n    assert(False)\n"}, "name": "And the side effects should be"}], "statusDetails": {"message": "AssertionError\n", "trace": "  File \"/home/laptop-linux/.local/lib/python2.7/site-packages/behave/model.py\", line 1329, in run\n    match.run(runner.context)\n  File \"/home/laptop-linux/.local/lib/python2.7/site-packages/behave/matchers.py\", line 98, in run\n    self.func(context, *args, **kwargs)\n  File \"features/steps/Steps.py\", line 70, in step_impl\n    assertions.assert_statistics(resultset, stat, value)\n  File \"/home/laptop-linux/dev/redis/graph/tests/tck/features/steps/../../utils/assertions.py\", line 183, in assert_statistics\n    assert(False)\n"}, "uuid": "beb70e92-52fe-4255-91b9-227d7722bb7e"}