{"status": "failed", "name": "Concatenate elements in reverse onto a list property", "labels": [{"name": "severity", "value": "normal"}, {"name": "tag", "value": "skip"}, {"name": "feature", "value": "SetAcceptance"}, {"name": "framework", "value": "behave"}, {"name": "language", "value": "cpython2"}], "stop": 1578486146525, "historyId": "3c8f14855c2745f96d4aa1c10af65b6e", "start": 1578486146305, "steps": [{"status": "passed", "start": 1578486146307, "stop": 1578486146516, "name": "Given any graph"}, {"status": "passed", "start": 1578486146517, "stop": 1578486146520, "name": "When executing query", "attachments": [{"source": "c1b18940-4667-4dd7-8e32-9f8dfcd46ea7-attachment.txt", "type": "text/plain", "name": ".text"}]}, {"status": "passed", "start": 1578486146521, "stop": 1578486146522, "name": "Then the result should be", "attachments": [{"source": "fca5e960-9a73-4dc1-81b8-a28e764714cc-attachment.csv", "type": "text/csv", "name": ".table"}]}, {"status": "failed", "attachments": [{"source": "430efe91-f617-4d8e-bd25-3b628acc2e58-attachment.csv", "type": "text/csv", "name": ".table"}], "stop": 1578486146524, "start": 1578486146523, "statusDetails": {"message": "AssertionError\n", "trace": "  File \"/home/laptop-linux/.local/lib/python2.7/site-packages/behave/model.py\", line 1329, in run\n    match.run(runner.context)\n  File \"/home/laptop-linux/.local/lib/python2.7/site-packages/behave/matchers.py\", line 98, in run\n    self.func(context, *args, **kwargs)\n  File \"features/steps/Steps.py\", line 75, in step_impl\n    assertions.assert_statistics(resultset, stat, value)\n  File \"/home/laptop-linux/dev/redis/graph/tests/tck/features/steps/../../utils/assertions.py\", line 179, in assert_statistics\n    assert(resultset.properties_set == value)\n"}, "name": "And the side effects should be"}], "statusDetails": {"message": "AssertionError\n", "trace": "  File \"/home/laptop-linux/.local/lib/python2.7/site-packages/behave/model.py\", line 1329, in run\n    match.run(runner.context)\n  File \"/home/laptop-linux/.local/lib/python2.7/site-packages/behave/matchers.py\", line 98, in run\n    self.func(context, *args, **kwargs)\n  File \"features/steps/Steps.py\", line 75, in step_impl\n    assertions.assert_statistics(resultset, stat, value)\n  File \"/home/laptop-linux/dev/redis/graph/tests/tck/features/steps/../../utils/assertions.py\", line 179, in assert_statistics\n    assert(resultset.properties_set == value)\n"}, "uuid": "622de57d-62ba-4bd4-ac0f-edec55410df4"}