{"status": "failed", "name": "Creating node with two labels", "labels": [{"name": "severity", "value": "normal"}, {"name": "tag", "value": "skip"}, {"name": "feature", "value": "LabelsAcceptance"}, {"name": "framework", "value": "behave"}, {"name": "language", "value": "cpython2"}], "stop": 1578486032387, "historyId": "e12510f729791922bfc06e65c1376705", "start": 1578486032179, "steps": [{"status": "passed", "start": 1578486032181, "stop": 1578486032380, "name": "Given an empty graph"}, {"status": "passed", "start": 1578486032380, "stop": 1578486032384, "name": "When executing query", "attachments": [{"source": "98380904-5f05-40dc-885f-76448fa22d2a-attachment.txt", "type": "text/plain", "name": ".text"}]}, {"status": "failed", "attachments": [{"source": "b3443df3-5224-4d30-9987-b256e5a2b3bd-attachment.csv", "type": "text/csv", "name": ".table"}], "stop": 1578486032386, "start": 1578486032384, "statusDetails": {"message": "AssertionError\n", "trace": "  File \"/home/laptop-linux/.local/lib/python2.7/site-packages/behave/model.py\", line 1329, in run\n    match.run(runner.context)\n  File \"/home/laptop-linux/.local/lib/python2.7/site-packages/behave/matchers.py\", line 98, in run\n    self.func(context, *args, **kwargs)\n  File \"features/steps/Steps.py\", line 87, in step_impl\n    assertions.assert_resultsets_equals(resultset, context.table)\n  File \"/home/laptop-linux/dev/redis/graph/tests/tck/features/steps/../../utils/assertions.py\", line 218, in assert_resultsets_equals\n    assert actualCtr == expectedCtr\n"}, "name": "Then the result should be"}, {"status": "skipped", "start": 1578486032387, "stop": 1578486032387, "name": "And the side effects should be", "attachments": [{"source": "c1465680-d234-439e-a8b5-5a0ceda00749-attachment.csv", "type": "text/csv", "name": ".table"}]}], "statusDetails": {"message": "AssertionError\n", "trace": "  File \"/home/laptop-linux/.local/lib/python2.7/site-packages/behave/model.py\", line 1329, in run\n    match.run(runner.context)\n  File \"/home/laptop-linux/.local/lib/python2.7/site-packages/behave/matchers.py\", line 98, in run\n    self.func(context, *args, **kwargs)\n  File \"features/steps/Steps.py\", line 87, in step_impl\n    assertions.assert_resultsets_equals(resultset, context.table)\n  File \"/home/laptop-linux/dev/redis/graph/tests/tck/features/steps/../../utils/assertions.py\", line 218, in assert_resultsets_equals\n    assert actualCtr == expectedCtr\n"}, "uuid": "289187cf-07e6-4001-84b9-dc11aa6c2f5f"}