{"status": "failed", "name": "Set a property", "labels": [{"name": "severity", "value": "normal"}, {"name": "tag", "value": "skip"}, {"name": "feature", "value": "SetAcceptance"}, {"name": "framework", "value": "behave"}, {"name": "language", "value": "cpython2"}], "stop": 1578486144737, "historyId": "6041461b613cd1cc0fc4644fe8a57ec4", "start": 1578486144513, "steps": [{"status": "passed", "start": 1578486144515, "stop": 1578486144724, "name": "Given any graph"}, {"status": "passed", "start": 1578486144725, "stop": 1578486144727, "name": "And having executed", "attachments": [{"source": "bd4062f2-9985-4452-a422-e47e739a3b45-attachment.txt", "type": "text/plain", "name": ".text"}]}, {"status": "passed", "start": 1578486144727, "stop": 1578486144733, "name": "When executing query", "attachments": [{"source": "714729e1-e8f2-4174-ab18-806d3fa77fe7-attachment.txt", "type": "text/plain", "name": ".text"}]}, {"status": "passed", "start": 1578486144733, "stop": 1578486144734, "name": "Then the result should be", "attachments": [{"source": "7d8bcc57-5132-48a2-acf8-53272912aa34-attachment.csv", "type": "text/csv", "name": ".table"}]}, {"status": "failed", "attachments": [{"source": "2fa9c6ec-043a-428c-86f9-db3833228e79-attachment.csv", "type": "text/csv", "name": ".table"}], "stop": 1578486144736, "start": 1578486144735, "statusDetails": {"message": "AssertionError\n", "trace": "  File \"/home/laptop-linux/.local/lib/python2.7/site-packages/behave/model.py\", line 1329, in run\n    match.run(runner.context)\n  File \"/home/laptop-linux/.local/lib/python2.7/site-packages/behave/matchers.py\", line 98, in run\n    self.func(context, *args, **kwargs)\n  File \"features/steps/Steps.py\", line 75, in step_impl\n    assertions.assert_statistics(resultset, stat, value)\n  File \"/home/laptop-linux/dev/redis/graph/tests/tck/features/steps/../../utils/assertions.py\", line 183, in assert_statistics\n    assert(False)\n"}, "name": "And the side effects should be"}], "statusDetails": {"message": "AssertionError\n", "trace": "  File \"/home/laptop-linux/.local/lib/python2.7/site-packages/behave/model.py\", line 1329, in run\n    match.run(runner.context)\n  File \"/home/laptop-linux/.local/lib/python2.7/site-packages/behave/matchers.py\", line 98, in run\n    self.func(context, *args, **kwargs)\n  File \"features/steps/Steps.py\", line 75, in step_impl\n    assertions.assert_statistics(resultset, stat, value)\n  File \"/home/laptop-linux/dev/redis/graph/tests/tck/features/steps/../../utils/assertions.py\", line 183, in assert_statistics\n    assert(False)\n"}, "uuid": "1618e041-bd13-414d-a39e-e34fca135c6b"}