{"status": "failed", "name": "`properties()` failing on a string literal", "labels": [{"name": "severity", "value": "normal"}, {"name": "tag", "value": "skip"}, {"name": "feature", "value": "FunctionsAcceptance"}, {"name": "framework", "value": "behave"}, {"name": "language", "value": "cpython2"}], "stop": 1578486020950, "historyId": "636b128d8b5a3e541a5f84a888bb8ebd", "start": 1578486020736, "steps": [{"status": "passed", "start": 1578486020738, "stop": 1578486020945, "name": "Given any graph"}, {"status": "passed", "start": 1578486020946, "stop": 1578486020948, "name": "When executing query", "attachments": [{"source": "48d56fc5-65f1-4020-bc9d-f2984d8186ca-attachment.txt", "type": "text/plain", "name": ".text"}]}, {"status": "failed", "start": 1578486020949, "stop": 1578486020950, "name": "Then a SyntaxError should be raised at compile time: InvalidArgumentType", "statusDetails": {"message": "AssertionError\n", "trace": "  File \"/home/laptop-linux/.local/lib/python2.7/site-packages/behave/model.py\", line 1329, in run\n    match.run(runner.context)\n  File \"/home/laptop-linux/.local/lib/python2.7/site-packages/behave/matchers.py\", line 98, in run\n    self.func(context, *args, **kwargs)\n  File \"features/steps/Steps.py\", line 135, in step_impl\n    assert \"Type mismatch\" in exception.message\n"}}], "statusDetails": {"message": "AssertionError\n", "trace": "  File \"/home/laptop-linux/.local/lib/python2.7/site-packages/behave/model.py\", line 1329, in run\n    match.run(runner.context)\n  File \"/home/laptop-linux/.local/lib/python2.7/site-packages/behave/matchers.py\", line 98, in run\n    self.func(context, *args, **kwargs)\n  File \"features/steps/Steps.py\", line 135, in step_impl\n    assert \"Type mismatch\" in exception.message\n"}, "uuid": "93356a81-7f59-4093-ade9-98c7e980940c"}