{"status": "failed", "name": "Failing when using `type()` on a node", "labels": [{"name": "severity", "value": "normal"}, {"name": "tag", "value": "skip"}, {"name": "feature", "value": "SemanticErrorAcceptance"}, {"name": "framework", "value": "behave"}, {"name": "language", "value": "cpython2"}], "stop": 1578486137244, "historyId": "5b328c01733b7c0997c67e42eeea9ef9", "start": 1578486137028, "steps": [{"status": "passed", "start": 1578486137030, "stop": 1578486137238, "name": "Given any graph"}, {"status": "passed", "start": 1578486137239, "stop": 1578486137242, "name": "When executing query", "attachments": [{"source": "ed216f90-4a78-4363-988a-01ff79250746-attachment.txt", "type": "text/plain", "name": ".text"}]}, {"status": "failed", "start": 1578486137242, "stop": 1578486137243, "name": "Then a SyntaxError should be raised at compile time: InvalidArgumentType", "statusDetails": {"message": "AssertionError\n", "trace": "  File \"/home/laptop-linux/.local/lib/python2.7/site-packages/behave/model.py\", line 1329, in run\n    match.run(runner.context)\n  File \"/home/laptop-linux/.local/lib/python2.7/site-packages/behave/matchers.py\", line 98, in run\n    self.func(context, *args, **kwargs)\n  File \"features/steps/Steps.py\", line 134, in step_impl\n    assert exception != None\n"}}], "statusDetails": {"message": "AssertionError\n", "trace": "  File \"/home/laptop-linux/.local/lib/python2.7/site-packages/behave/model.py\", line 1329, in run\n    match.run(runner.context)\n  File \"/home/laptop-linux/.local/lib/python2.7/site-packages/behave/matchers.py\", line 98, in run\n    self.func(context, *args, **kwargs)\n  File \"features/steps/Steps.py\", line 134, in step_impl\n    assert exception != None\n"}, "uuid": "aa857bc0-386f-4e55-acf5-714c893c2f61"}