{"status": "failed", "name": "Sort on aggregate function and normal property", "labels": [{"name": "severity", "value": "normal"}, {"name": "tag", "value": "skip"}, {"name": "feature", "value": "AggregationAcceptance"}, {"name": "framework", "value": "behave"}, {"name": "language", "value": "cpython2"}], "stop": 1578485992201, "historyId": "d563c8c22ca631af496e708f2beb17df", "start": 1578485992009, "steps": [{"status": "passed", "start": 1578485992011, "stop": 1578485992190, "name": "Given an empty graph"}, {"status": "passed", "start": 1578485992190, "stop": 1578485992193, "name": "And having executed", "attachments": [{"source": "3b554ff3-348d-4c90-b7b8-baf922723576-attachment.txt", "type": "text/plain", "name": ".text"}]}, {"status": "passed", "start": 1578485992194, "stop": 1578485992197, "name": "When executing query", "attachments": [{"source": "df8e0a8a-8e9a-4e2d-8f7b-0e0cbf30fd01-attachment.txt", "type": "text/plain", "name": ".text"}]}, {"status": "failed", "attachments": [{"source": "a6a12746-3815-49ce-8448-54f9af19d027-attachment.csv", "type": "text/csv", "name": ".table"}], "stop": 1578485992200, "start": 1578485992197, "statusDetails": {"message": "AssertionError\n", "trace": "  File \"/home/laptop-linux/.local/lib/python2.7/site-packages/behave/model.py\", line 1329, in run\n    match.run(runner.context)\n  File \"/home/laptop-linux/.local/lib/python2.7/site-packages/behave/matchers.py\", line 98, in run\n    self.func(context, *args, **kwargs)\n  File \"features/steps/Steps.py\", line 95, in step_impl\n    assertions.assert_resultsets_equals_in_order(resultset, context.table)\n  File \"/home/laptop-linux/dev/redis/graph/tests/tck/features/steps/../../utils/assertions.py\", line 206, in assert_resultsets_equals_in_order\n    assert actualRow == expectedRow\n"}, "name": "Then the result should be, in order"}, {"status": "skipped", "start": 1578485992201, "stop": 1578485992201, "name": "And no side effects"}], "statusDetails": {"message": "AssertionError\n", "trace": "  File \"/home/laptop-linux/.local/lib/python2.7/site-packages/behave/model.py\", line 1329, in run\n    match.run(runner.context)\n  File \"/home/laptop-linux/.local/lib/python2.7/site-packages/behave/matchers.py\", line 98, in run\n    self.func(context, *args, **kwargs)\n  File \"features/steps/Steps.py\", line 95, in step_impl\n    assertions.assert_resultsets_equals_in_order(resultset, context.table)\n  File \"/home/laptop-linux/dev/redis/graph/tests/tck/features/steps/../../utils/assertions.py\", line 206, in assert_resultsets_equals_in_order\n    assert actualRow == expectedRow\n"}, "uuid": "615e432c-af25-4a7b-8429-028025d798b7"}