{"status": "failed", "name": "Handling long chains of operators", "labels": [{"name": "severity", "value": "normal"}, {"name": "tag", "value": "skip"}, {"name": "feature", "value": "ComparisonOperatorAcceptance"}, {"name": "framework", "value": "behave"}, {"name": "language", "value": "cpython2"}], "stop": 1578486002344, "historyId": "44dc5f405c3b894e64fc75254cb01015", "start": 1578486002130, "steps": [{"status": "passed", "start": 1578486002132, "stop": 1578486002334, "name": "Given an empty graph"}, {"status": "passed", "start": 1578486002335, "stop": 1578486002339, "name": "And having executed", "attachments": [{"source": "a451a9f2-66c4-4437-9657-af2e0f60f58e-attachment.txt", "type": "text/plain", "name": ".text"}]}, {"status": "passed", "start": 1578486002340, "stop": 1578486002344, "name": "When executing query", "attachments": [{"source": "40a53f40-96bc-4a07-9de8-6f0da4693968-attachment.txt", "type": "text/plain", "name": ".text"}]}, {"status": "failed", "attachments": [{"source": "327f735b-5946-4a0d-a5ec-9afbc6d7abb8-attachment.csv", "type": "text/csv", "name": ".table"}], "stop": 1578486002344, "start": 1578486002344, "statusDetails": {"message": "AssertionError\n", "trace": "  File \"/home/laptop-linux/.local/lib/python2.7/site-packages/behave/model.py\", line 1329, in run\n    match.run(runner.context)\n  File \"/home/laptop-linux/.local/lib/python2.7/site-packages/behave/matchers.py\", line 98, in run\n    self.func(context, *args, **kwargs)\n  File \"features/steps/Steps.py\", line 86, in step_impl\n    assertions.assert_resultset_length(resultset, expected_length)\n  File \"/home/laptop-linux/dev/redis/graph/tests/tck/features/steps/../../utils/assertions.py\", line 195, in assert_resultset_length\n    assert(len(resultset.result_set) == length)\n"}, "name": "Then the result should be"}, {"status": "skipped", "start": 1578486002344, "stop": 1578486002344, "name": "And no side effects"}], "statusDetails": {"message": "AssertionError\n", "trace": "  File \"/home/laptop-linux/.local/lib/python2.7/site-packages/behave/model.py\", line 1329, in run\n    match.run(runner.context)\n  File \"/home/laptop-linux/.local/lib/python2.7/site-packages/behave/matchers.py\", line 98, in run\n    self.func(context, *args, **kwargs)\n  File \"features/steps/Steps.py\", line 86, in step_impl\n    assertions.assert_resultset_length(resultset, expected_length)\n  File \"/home/laptop-linux/dev/redis/graph/tests/tck/features/steps/../../utils/assertions.py\", line 195, in assert_resultset_length\n    assert(len(resultset.result_set) == length)\n"}, "uuid": "c3688b9a-58d2-460f-b170-9e6197233214"}